Log file open, 06/26/20 21:31:22
LogWindows: Failed to load 'aqProf.dll' (GetLastError=126)
LogWindows: File 'aqProf.dll' does not exist
LogWindows: Failed to load 'VtuneApi.dll' (GetLastError=126)
LogWindows: File 'VtuneApi.dll' does not exist
LogWindows: Failed to load 'VtuneApi32e.dll' (GetLastError=126)
LogWindows: File 'VtuneApi32e.dll' does not exist
LogConsoleResponse: Display: Failed to find resolution value strings in scalability ini. Falling back to default.
LogInit: Display: Running engine for game: Unreal1v1
LogPlatformFile: Not using cached read wrapper
LogTaskGraph: Started task graph with 5 named threads and 23 total threads with 3 sets of task threads.
LogStats: Stats thread started at 0.276555
LogD3D11RHI: Loaded GFSDK_Aftermath_Lib.x64.dll
LogICUInternationalization: ICU TimeZone Detection - Raw Offset: -3:00, Platform Override: ''
LogPluginManager: Mounting plugin Paper2D
LogPluginManager: Mounting plugin AISupport
LogPluginManager: Mounting plugin LightPropagationVolume
LogPluginManager: Mounting plugin ActorLayerUtilities
LogPluginManager: Mounting plugin AnimationSharing
LogPluginManager: Mounting plugin CLionSourceCodeAccess
LogPluginManager: Mounting plugin CodeLiteSourceCodeAccess
LogPluginManager: Mounting plugin GitSourceControl
LogPluginManager: Mounting plugin KDevelopSourceCodeAccess
LogPluginManager: Mounting plugin NullSourceCodeAccess
LogPluginManager: Mounting plugin PerforceSourceControl
LogPluginManager: Mounting plugin PlasticSourceControl
LogPluginManager: Mounting plugin SubversionSourceControl
LogPluginManager: Mounting plugin UObjectPlugin
LogPluginManager: Mounting plugin VisualStudioCodeSourceCodeAccess
LogPluginManager: Mounting plugin VisualStudioSourceCodeAccess
LogPluginManager: Mounting plugin XCodeSourceCodeAccess
LogPluginManager: Mounting plugin AssetManagerEditor
LogPluginManager: Mounting plugin CryptoKeys
LogPluginManager: Mounting plugin CurveEditorTools
LogPluginManager: Mounting plugin DataValidation
LogPluginManager: Mounting plugin FacialAnimation
LogPluginManager: Mounting plugin GameplayTagsEditor
LogPluginManager: Mounting plugin MacGraphicsSwitching
LogPluginManager: Mounting plugin MaterialAnalyzer
LogPluginManager: Mounting plugin MobileLauncherProfileWizard
LogPluginManager: Mounting plugin PluginBrowser
LogPluginManager: Mounting plugin SpeedTreeImporter
LogPluginManager: Mounting plugin DatasmithContent
LogPluginManager: Mounting plugin VariantManagerContent
LogPluginManager: Mounting plugin AlembicImporter
LogPluginManager: Mounting plugin AutomationUtils
LogPluginManager: Mounting plugin BackChannel
LogPluginManager: Mounting plugin CharacterAI
LogPluginManager: Mounting plugin GeometryCache
LogPluginManager: Mounting plugin PlatformCrypto
LogPluginManager: Mounting plugin ProxyLODPlugin
LogPluginManager: Mounting plugin SkeletalReduction
LogPluginManager: Mounting plugin MagicLeap
LogPluginManager: Mounting plugin MagicLeapMedia
LogPluginManager: Mounting plugin MLSDK
LogPluginManager: Mounting plugin AndroidMedia
LogPluginManager: Mounting plugin AvfMedia
LogPluginManager: Mounting plugin ImgMedia
LogPluginManager: Mounting plugin MediaCompositing
LogPluginManager: Mounting plugin MediaPlayerEditor
LogPluginManager: Mounting plugin WebMMedia
LogPluginManager: Mounting plugin WmfMedia
LogPluginManager: Mounting plugin TcpMessaging
LogPluginManager: Mounting plugin UdpMessaging
LogPluginManager: Mounting plugin ActorSequence
LogPluginManager: Mounting plugin LevelSequenceEditor
LogPluginManager: Mounting plugin MatineeToLevelSequence
LogPluginManager: Mounting plugin NetcodeUnitTest
LogPluginManager: Mounting plugin NUTUnrealEngine4
LogPluginManager: Mounting plugin OnlineSubsystemGooglePlay
LogPluginManager: Mounting plugin OnlineSubsystemIOS
LogPluginManager: Mounting plugin OnlineSubsystem
LogPluginManager: Mounting plugin OnlineSubsystemNull
LogPluginManager: Mounting plugin OnlineSubsystemUtils
LogPluginManager: Mounting plugin LauncherChunkInstaller
LogPluginManager: Mounting plugin AndroidDeviceProfileSelector
LogPluginManager: Mounting plugin AndroidMoviePlayer
LogPluginManager: Mounting plugin AndroidPermission
LogPluginManager: Mounting plugin AppleImageUtils
LogPluginManager: Mounting plugin AppleMoviePlayer
LogPluginManager: Mounting plugin ArchVisCharacter
LogPluginManager: Mounting plugin AssetTags
LogPluginManager: Mounting plugin AudioCapture
LogPluginManager: Mounting plugin CableComponent
LogPluginManager: Mounting plugin CustomMeshComponent
LogPluginManager: Mounting plugin EditableMesh
LogPluginManager: Mounting plugin ExampleDeviceProfileSelector
LogPluginManager: Mounting plugin GoogleCloudMessaging
LogPluginManager: Mounting plugin IOSDeviceProfileSelector
LogPluginManager: Mounting plugin LinuxDeviceProfileSelector
LogPluginManager: Mounting plugin LocationServicesBPLibrary
LogPluginManager: Mounting plugin MobilePatchingUtils
LogPluginManager: Mounting plugin OculusVR
LogPluginManager: Mounting plugin PhysXVehicles
LogPluginManager: Mounting plugin PostSplashScreen
LogPluginManager: Mounting plugin ProceduralMeshComponent
LogPluginManager: Mounting plugin RuntimePhysXCooking
LogPluginManager: Mounting plugin SignificanceManager
LogPluginManager: Mounting plugin WebMMoviePlayer
LogPluginManager: Mounting plugin WindowsMoviePlayer
LogPluginManager: Mounting plugin ScreenshotTools
LogInit: Using libcurl 7.55.1-DEV
LogInit:  - built for x86_64-pc-win32
LogInit:  - supports SSL with OpenSSL/1.1.1
LogInit:  - supports HTTP deflate (compression) using libz 1.2.8
LogInit:  - other features:
LogInit:      CURL_VERSION_SSL
LogInit:      CURL_VERSION_LIBZ
LogInit:      CURL_VERSION_IPV6
LogInit:      CURL_VERSION_ASYNCHDNS
LogInit:      CURL_VERSION_LARGEFILE
LogInit:      CURL_VERSION_IDN
LogInit:  CurlRequestOptions (configurable via config and command line):
LogInit:  - bVerifyPeer = true  - Libcurl will verify peer certificate
LogInit:  - bUseHttpProxy = false  - Libcurl will NOT use HTTP proxy
LogInit:  - bDontReuseConnections = false  - Libcurl will reuse connections
LogInit:  - MaxHostConnections = 16  - Libcurl will limit the number of connections to a host
LogInit:  - LocalHostAddr = Default
LogInit:  - BufferSize = 65536
LogOnline: OSS: Creating online subsystem instance for: NULL
LogInit: WinSock: version 1.1 (2.2), MaxSocks=32767, MaxUdp=65467
LogOnline: OSS: TryLoadSubsystemAndSetDefault: Loaded subsystem for module [NULL]
LogInit: Build: ++UE4+Release-4.24-CL-11590370
LogInit: Engine Version: 4.24.3-11590370+++UE4+Release-4.24
LogInit: Compatible Engine Version: 4.24.0-10570792+++UE4+Release-4.24
LogInit: Net CL: 10570792
LogInit: OS: Windows 10 (Release 1909) (), CPU:         Intel(R) Core(TM) i7-3770 CPU @ 3.40GHz, GPU: NVIDIA GeForce GTX 1070
LogInit: Compiled (64-bit): Feb 24 2020 15:39:18
LogInit: Compiled with Visual C++: 19.16.27032.01
LogInit: Build Configuration: Development
LogInit: Branch Name: ++UE4+Release-4.24
LogInit: Command Line:  -skipcompile
LogInit: Base Directory: C:/Program Files/Epic Games/UE_4.24/Engine/Binaries/Win64/
LogInit: Installed Engine Build: 1
LogDevObjectVersion: Number of dev versions registered: 25
LogDevObjectVersion:   Dev-Blueprints (B0D832E4-1F89-4F0D-ACCF-7EB736FD4AA2): 10
LogDevObjectVersion:   Dev-Build (E1C64328-A22C-4D53-A36C-8E866417BD8C): 0
LogDevObjectVersion:   Dev-Core (375EC13C-06E4-48FB-B500-84F0262A717E): 3
LogDevObjectVersion:   Dev-Editor (E4B068ED-F494-42E9-A231-DA0B2E46BB41): 37
LogDevObjectVersion:   Dev-Framework (CFFC743F-43B0-4480-9391-14DF171D2073): 36
LogDevObjectVersion:   Dev-Mobile (B02B49B5-BB20-44E9-A304-32B752E40360): 2
LogDevObjectVersion:   Dev-Networking (A4E4105C-59A1-49B5-A7C5-40C4547EDFEE): 0
LogDevObjectVersion:   Dev-Online (39C831C9-5AE6-47DC-9A44-9C173E1C8E7C): 0
LogDevObjectVersion:   Dev-Physics (78F01B33-EBEA-4F98-B9B4-84EACCB95AA2): 2
LogDevObjectVersion:   Dev-Platform (6631380F-2D4D-43E0-8009-CF276956A95A): 0
LogDevObjectVersion:   Dev-Rendering (12F88B9F-8875-4AFC-A67C-D90C383ABD29): 36
LogDevObjectVersion:   Dev-Sequencer (7B5AE74C-D270-4C10-A958-57980B212A5A): 11
LogDevObjectVersion:   Dev-VR (D7296918-1DD6-4BDD-9DE2-64A83CC13884): 2
LogDevObjectVersion:   Dev-LoadTimes (C2A15278-BFE7-4AFE-6C17-90FF531DF755): 1
LogDevObjectVersion:   Private-Geometry (6EACA3D4-40EC-4CC1-B786-8BED09428FC5): 3
LogDevObjectVersion:   Dev-AnimPhys (29E575DD-E0A3-4627-9D10-D276232CDCEA): 17
LogDevObjectVersion:   Dev-Anim (AF43A65D-7FD3-4947-9873-3E8ED9C1BB05): 2
LogDevObjectVersion:   Dev-ReflectionCapture (6B266CEC-1EC7-4B8F-A30B-E4D90942FC07): 1
LogDevObjectVersion:   Dev-Automation (0DF73D61-A23F-47EA-B727-89E90C41499A): 1
LogDevObjectVersion:   FortniteMain (601D1886-AC64-4F84-AA16-D3DE0DEAC7D6): 31
LogDevObjectVersion:   Dev-Enterprise (9DFFBCD6-494F-0158-E221-12823C92A888): 8
LogDevObjectVersion:   Dev-Niagara (F2AED0AC-9AFE-416F-8664-AA7FFA26D6FC): 1
LogDevObjectVersion:   Dev-Destruction (174F1F0B-B4C6-45A5-B13F-2EE8D0FB917D): 9
LogDevObjectVersion:   Dev-Physics-Ext (35F94A83-E258-406C-A318-09F59610247C): 8
LogDevObjectVersion:   Dev-CineCamera (B2E18506-4273-CFC2-A54E-F4BB758BBA07): 1
LogInit: Presizing for max 25165824 objects, including 0 objects not considered by GC, pre-allocating 0 bytes for permanent pool.
LogInit: Object subsystem initialized
LogConfig: Setting CVar [[con.DebugEarlyDefault:1]]
LogConfig: Setting CVar [[r.setres:1280x720]]
[2020.06.27-00.31.23:434][  0]LogConfig: Setting CVar [[r.VSync:0]]
[2020.06.27-00.31.23:434][  0]LogConfig: Setting CVar [[r.RHICmdBypass:0]]
[2020.06.27-00.31.23:434][  0]LogConfig: Applying CVar settings from Section [/Script/Engine.RendererSettings] File [C:/Users/Mariano Martinez/Desktop/1v1Unreal/Unreal1v1/Saved/Config/Windows/Engine.ini]
[2020.06.27-00.31.23:434][  0]LogConfig: Setting CVar [[r.GPUCrashDebugging:0]]
[2020.06.27-00.31.23:434][  0]LogConfig: Applying CVar settings from Section [/Script/Engine.RendererOverrideSettings] File [C:/Users/Mariano Martinez/Desktop/1v1Unreal/Unreal1v1/Saved/Config/Windows/Engine.ini]
[2020.06.27-00.31.23:434][  0]LogConfig: Applying CVar settings from Section [/Script/Engine.StreamingSettings] File [C:/Users/Mariano Martinez/Desktop/1v1Unreal/Unreal1v1/Saved/Config/Windows/Engine.ini]
[2020.06.27-00.31.23:434][  0]LogConfig: Setting CVar [[s.MinBulkDataSizeForAsyncLoading:131072]]
[2020.06.27-00.31.23:434][  0]LogConfig: Setting CVar [[s.AsyncLoadingThreadEnabled:0]]
[2020.06.27-00.31.23:434][  0]LogConfig: Setting CVar [[s.EventDrivenLoaderEnabled:1]]
[2020.06.27-00.31.23:434][  0]LogConfig: Setting CVar [[s.WarnIfTimeLimitExceeded:0]]
[2020.06.27-00.31.23:434][  0]LogConfig: Setting CVar [[s.TimeLimitExceededMultiplier:1.5]]
[2020.06.27-00.31.23:434][  0]LogConfig: Setting CVar [[s.TimeLimitExceededMinTime:0.005]]
[2020.06.27-00.31.23:435][  0]LogConfig: Setting CVar [[s.UseBackgroundLevelStreaming:1]]
[2020.06.27-00.31.23:435][  0]LogConfig: Setting CVar [[s.PriorityAsyncLoadingExtraTime:15.0]]
[2020.06.27-00.31.23:435][  0]LogConfig: Setting CVar [[s.LevelStreamingActorsUpdateTimeLimit:5.0]]
[2020.06.27-00.31.23:435][  0]LogConfig: Setting CVar [[s.PriorityLevelStreamingActorsUpdateExtraTime:5.0]]
[2020.06.27-00.31.23:435][  0]LogConfig: Setting CVar [[s.LevelStreamingComponentsRegistrationGranularity:10]]
[2020.06.27-00.31.23:435][  0]LogConfig: Setting CVar [[s.UnregisterComponentsTimeLimit:1.0]]
[2020.06.27-00.31.23:435][  0]LogConfig: Setting CVar [[s.LevelStreamingComponentsUnregistrationGranularity:5]]
[2020.06.27-00.31.23:435][  0]LogConfig: Setting CVar [[s.FlushStreamingOnExit:1]]
[2020.06.27-00.31.23:435][  0]LogConfig: Applying CVar settings from Section [/Script/Engine.GarbageCollectionSettings] File [C:/Users/Mariano Martinez/Desktop/1v1Unreal/Unreal1v1/Saved/Config/Windows/Engine.ini]
[2020.06.27-00.31.23:435][  0]LogConfig: Setting CVar [[gc.MaxObjectsNotConsideredByGC:1]]
[2020.06.27-00.31.23:435][  0]LogConfig: Setting CVar [[gc.SizeOfPermanentObjectPool:0]]
[2020.06.27-00.31.23:435][  0]LogConfig: Setting CVar [[gc.FlushStreamingOnGC:0]]
[2020.06.27-00.31.23:435][  0]LogConfig: Setting CVar [[gc.NumRetriesBeforeForcingGC:10]]
[2020.06.27-00.31.23:435][  0]LogConfig: Setting CVar [[gc.AllowParallelGC:1]]
[2020.06.27-00.31.23:435][  0]LogConfig: Setting CVar [[gc.TimeBetweenPurgingPendingKillObjects:61.1]]
[2020.06.27-00.31.23:435][  0]LogConfig: Setting CVar [[gc.MaxObjectsInEditor:25165824]]
[2020.06.27-00.31.23:435][  0]LogConfig: Setting CVar [[gc.IncrementalBeginDestroyEnabled:1]]
[2020.06.27-00.31.23:435][  0]LogConfig: Setting CVar [[gc.CreateGCClusters:1]]
[2020.06.27-00.31.23:435][  0]LogConfig: Setting CVar [[gc.MinGCClusterSize:5]]
[2020.06.27-00.31.23:436][  0]LogConfig: Setting CVar [[gc.ActorClusteringEnabled:0]]
[2020.06.27-00.31.23:436][  0]LogConfig: Setting CVar [[gc.BlueprintClusteringEnabled:0]]
[2020.06.27-00.31.23:436][  0]LogConfig: Setting CVar [[gc.UseDisregardForGCOnDedicatedServers:0]]
[2020.06.27-00.31.23:436][  0]LogConfig: Applying CVar settings from Section [/Script/Engine.NetworkSettings] File [C:/Users/Mariano Martinez/Desktop/1v1Unreal/Unreal1v1/Saved/Config/Windows/Engine.ini]
[2020.06.27-00.31.23:436][  0]LogConfig: Applying CVar settings from Section [/Script/UnrealEd.CookerSettings] File [C:/Users/Mariano Martinez/Desktop/1v1Unreal/Unreal1v1/Saved/Config/Windows/Engine.ini]
[2020.06.27-00.31.23:469][  0]LogConfig: Applying CVar settings from Section [ViewDistanceQuality@3] File [C:/Users/Mariano Martinez/Desktop/1v1Unreal/Unreal1v1/Saved/Config/Windows/Scalability.ini]
[2020.06.27-00.31.23:469][  0]LogConfig: Setting CVar [[r.SkeletalMeshLODBias:0]]
[2020.06.27-00.31.23:470][  0]LogConfig: Setting CVar [[r.ViewDistanceScale:1.0]]
[2020.06.27-00.31.23:470][  0]LogConfig: Applying CVar settings from Section [AntiAliasingQuality@3] File [C:/Users/Mariano Martinez/Desktop/1v1Unreal/Unreal1v1/Saved/Config/Windows/Scalability.ini]
[2020.06.27-00.31.23:470][  0]LogConfig: Setting CVar [[r.PostProcessAAQuality:4]]
[2020.06.27-00.31.23:470][  0]LogConfig: Applying CVar settings from Section [ShadowQuality@3] File [C:/Users/Mariano Martinez/Desktop/1v1Unreal/Unreal1v1/Saved/Config/Windows/Scalability.ini]
[2020.06.27-00.31.23:470][  0]LogConfig: Setting CVar [[r.LightFunctionQuality:1]]
[2020.06.27-00.31.23:470][  0]LogConfig: Setting CVar [[r.ShadowQuality:5]]
[2020.06.27-00.31.23:470][  0]LogConfig: Setting CVar [[r.Shadow.CSM.MaxCascades:10]]
[2020.06.27-00.31.23:470][  0]LogConfig: Setting CVar [[r.Shadow.MaxResolution:2048]]
[2020.06.27-00.31.23:470][  0]LogConfig: Setting CVar [[r.Shadow.MaxCSMResolution:2048]]
[2020.06.27-00.31.23:470][  0]LogConfig: Setting CVar [[r.Shadow.RadiusThreshold:0.01]]
[2020.06.27-00.31.23:470][  0]LogConfig: Setting CVar [[r.Shadow.DistanceScale:1.0]]
[2020.06.27-00.31.23:470][  0]LogConfig: Setting CVar [[r.Shadow.CSM.TransitionScale:1.0]]
[2020.06.27-00.31.23:470][  0]LogConfig: Setting CVar [[r.Shadow.PreShadowResolutionFactor:1.0]]
[2020.06.27-00.31.23:470][  0]LogConfig: Setting CVar [[r.DistanceFieldShadowing:1]]
[2020.06.27-00.31.23:471][  0]LogConfig: Setting CVar [[r.DistanceFieldAO:1]]
[2020.06.27-00.31.23:471][  0]LogConfig: Setting CVar [[r.AOQuality:2]]
[2020.06.27-00.31.23:471][  0]LogConfig: Setting CVar [[r.VolumetricFog:1]]
[2020.06.27-00.31.23:471][  0]LogConfig: Setting CVar [[r.VolumetricFog.GridPixelSize:8]]
[2020.06.27-00.31.23:471][  0]LogConfig: Setting CVar [[r.VolumetricFog.GridSizeZ:128]]
[2020.06.27-00.31.23:471][  0]LogConfig: Setting CVar [[r.VolumetricFog.HistoryMissSupersampleCount:4]]
[2020.06.27-00.31.23:471][  0]LogConfig: Setting CVar [[r.LightMaxDrawDistanceScale:1]]
[2020.06.27-00.31.23:471][  0]LogConfig: Setting CVar [[r.CapsuleShadows:1]]
[2020.06.27-00.31.23:471][  0]LogConfig: Applying CVar settings from Section [PostProcessQuality@3] File [C:/Users/Mariano Martinez/Desktop/1v1Unreal/Unreal1v1/Saved/Config/Windows/Scalability.ini]
[2020.06.27-00.31.23:471][  0]LogConfig: Setting CVar [[r.MotionBlurQuality:4]]
[2020.06.27-00.31.23:471][  0]LogConfig: Setting CVar [[r.AmbientOcclusionMipLevelFactor:0.4]]
[2020.06.27-00.31.23:471][  0]LogConfig: Setting CVar [[r.AmbientOcclusionMaxQuality:100]]
[2020.06.27-00.31.23:471][  0]LogConfig: Setting CVar [[r.AmbientOcclusionLevels:-1]]
[2020.06.27-00.31.23:471][  0]LogConfig: Setting CVar [[r.AmbientOcclusionRadiusScale:1.0]]
[2020.06.27-00.31.23:471][  0]LogConfig: Setting CVar [[r.DepthOfFieldQuality:2]]
[2020.06.27-00.31.23:471][  0]LogConfig: Setting CVar [[r.RenderTargetPoolMin:400]]
[2020.06.27-00.31.23:471][  0]LogConfig: Setting CVar [[r.LensFlareQuality:2]]
[2020.06.27-00.31.23:472][  0]LogConfig: Setting CVar [[r.SceneColorFringeQuality:1]]
[2020.06.27-00.31.23:472][  0]LogConfig: Setting CVar [[r.EyeAdaptationQuality:2]]
[2020.06.27-00.31.23:472][  0]LogConfig: Setting CVar [[r.BloomQuality:5]]
[2020.06.27-00.31.23:472][  0]LogConfig: Setting CVar [[r.FastBlurThreshold:100]]
[2020.06.27-00.31.23:472][  0]LogConfig: Setting CVar [[r.Upscale.Quality:3]]
[2020.06.27-00.31.23:472][  0]LogConfig: Setting CVar [[r.Tonemapper.GrainQuantization:1]]
[2020.06.27-00.31.23:472][  0]LogConfig: Setting CVar [[r.LightShaftQuality:1]]
[2020.06.27-00.31.23:472][  0]LogConfig: Setting CVar [[r.Filter.SizeScale:1]]
[2020.06.27-00.31.23:472][  0]LogConfig: Setting CVar [[r.Tonemapper.Quality:5]]
[2020.06.27-00.31.23:472][  0]LogConfig: Setting CVar [[r.DOF.Gather.AccumulatorQuality:1        ; higher gathering accumulator quality]]
[2020.06.27-00.31.23:472][  0]LogConfig: Setting CVar [[r.DOF.Gather.PostfilterMethod:1          ; Median3x3 postfilering method]]
[2020.06.27-00.31.23:472][  0]LogConfig: Setting CVar [[r.DOF.Gather.EnableBokehSettings:0       ; no bokeh simulation when gathering]]
[2020.06.27-00.31.23:472][  0]LogConfig: Setting CVar [[r.DOF.Gather.RingCount:4                 ; medium number of samples when gathering]]
[2020.06.27-00.31.23:472][  0]LogConfig: Setting CVar [[r.DOF.Scatter.ForegroundCompositing:1    ; additive foreground scattering]]
[2020.06.27-00.31.23:472][  0]LogConfig: Setting CVar [[r.DOF.Scatter.BackgroundCompositing:2    ; additive background scattering]]
[2020.06.27-00.31.23:472][  0]LogConfig: Setting CVar [[r.DOF.Scatter.EnableBokehSettings:1      ; bokeh simulation when scattering]]
[2020.06.27-00.31.23:472][  0]LogConfig: Setting CVar [[r.DOF.Scatter.MaxSpriteRatio:0.1         ; only a maximum of 10% of scattered bokeh]]
[2020.06.27-00.31.23:472][  0]LogConfig: Setting CVar [[r.DOF.Recombine.Quality:1                ; cheap slight out of focus]]
[2020.06.27-00.31.23:472][  0]LogConfig: Setting CVar [[r.DOF.Recombine.EnableBokehSettings:0    ; no bokeh simulation on slight out of focus]]
[2020.06.27-00.31.23:473][  0]LogConfig: Setting CVar [[r.DOF.TemporalAAQuality:1                ; more stable temporal accumulation]]
[2020.06.27-00.31.23:473][  0]LogConfig: Setting CVar [[r.DOF.Kernel.MaxForegroundRadius:0.025]]
[2020.06.27-00.31.23:473][  0]LogConfig: Setting CVar [[r.DOF.Kernel.MaxBackgroundRadius:0.025]]
[2020.06.27-00.31.23:473][  0]LogConfig: Applying CVar settings from Section [TextureQuality@3] File [C:/Users/Mariano Martinez/Desktop/1v1Unreal/Unreal1v1/Saved/Config/Windows/Scalability.ini]
[2020.06.27-00.31.23:473][  0]LogConfig: Setting CVar [[r.Streaming.MipBias:0]]
[2020.06.27-00.31.23:473][  0]LogConfig: Setting CVar [[r.Streaming.AmortizeCPUToGPUCopy:0]]
[2020.06.27-00.31.23:473][  0]LogConfig: Setting CVar [[r.Streaming.MaxNumTexturesToStreamPerFrame:0]]
[2020.06.27-00.31.23:473][  0]LogConfig: Setting CVar [[r.Streaming.Boost:1]]
[2020.06.27-00.31.23:473][  0]LogConfig: Setting CVar [[r.MaxAnisotropy:8]]
[2020.06.27-00.31.23:473][  0]LogConfig: Setting CVar [[r.VT.MaxAnisotropy:8]]
[2020.06.27-00.31.23:473][  0]LogConfig: Setting CVar [[r.Streaming.LimitPoolSizeToVRAM:0]]
[2020.06.27-00.31.23:473][  0]LogConfig: Setting CVar [[r.Streaming.PoolSize:1000]]
[2020.06.27-00.31.23:473][  0]LogConfig: Setting CVar [[r.Streaming.MaxEffectiveScreenSize:0]]
[2020.06.27-00.31.23:473][  0]LogConfig: Applying CVar settings from Section [EffectsQuality@3] File [C:/Users/Mariano Martinez/Desktop/1v1Unreal/Unreal1v1/Saved/Config/Windows/Scalability.ini]
[2020.06.27-00.31.23:473][  0]LogConfig: Setting CVar [[r.TranslucencyLightingVolumeDim:64]]
[2020.06.27-00.31.23:473][  0]LogConfig: Setting CVar [[r.RefractionQuality:2]]
[2020.06.27-00.31.23:473][  0]LogConfig: Setting CVar [[r.SSR.Quality:3]]
[2020.06.27-00.31.23:473][  0]LogConfig: Setting CVar [[r.SSR.HalfResSceneColor:0]]
[2020.06.27-00.31.23:473][  0]LogConfig: Setting CVar [[r.SceneColorFormat:4]]
[2020.06.27-00.31.23:473][  0]LogConfig: Setting CVar [[r.DetailMode:2]]
[2020.06.27-00.31.23:474][  0]LogConfig: Setting CVar [[r.TranslucencyVolumeBlur:1]]
[2020.06.27-00.31.23:474][  0]LogConfig: Setting CVar [[r.MaterialQualityLevel:1 ; High quality]]
[2020.06.27-00.31.23:474][  0]LogConfig: Setting CVar [[r.SSS.Scale:1]]
[2020.06.27-00.31.23:474][  0]LogConfig: Setting CVar [[r.SSS.SampleSet:2]]
[2020.06.27-00.31.23:474][  0]LogConfig: Setting CVar [[r.SSS.Quality:1]]
[2020.06.27-00.31.23:474][  0]LogConfig: Setting CVar [[r.SSS.HalfRes:1]]
[2020.06.27-00.31.23:474][  0]LogConfig: Setting CVar [[r.SSGI.Quality:3]]
[2020.06.27-00.31.23:474][  0]LogConfig: Setting CVar [[r.EmitterSpawnRateScale:1.0]]
[2020.06.27-00.31.23:474][  0]LogConfig: Setting CVar [[r.ParticleLightQuality:2]]
[2020.06.27-00.31.23:474][  0]LogConfig: Setting CVar [[r.SkyAtmosphere.AerialPerspectiveLUT.FastApplyOnOpaque:1 ; Always have FastSkyLUT 1 in this case to avoid wrong sky]]
[2020.06.27-00.31.23:474][  0]LogConfig: Setting CVar [[r.SkyAtmosphere.AerialPerspectiveLUT.SampleCountPerSlice:1]]
[2020.06.27-00.31.23:474][  0]LogConfig: Setting CVar [[r.SkyAtmosphere.AerialPerspectiveLUT.DepthResolution:16.0]]
[2020.06.27-00.31.23:474][  0]LogConfig: Setting CVar [[r.SkyAtmosphere.FastSkyLUT:1]]
[2020.06.27-00.31.23:474][  0]LogConfig: Setting CVar [[r.SkyAtmosphere.FastSkyLUT.SampleCountMin:4.0]]
[2020.06.27-00.31.23:474][  0]LogConfig: Setting CVar [[r.SkyAtmosphere.FastSkyLUT.SampleCountMax:32.0]]
[2020.06.27-00.31.23:474][  0]LogConfig: Setting CVar [[r.SkyAtmosphere.SampleCountMin:4.0]]
[2020.06.27-00.31.23:474][  0]LogConfig: Setting CVar [[r.SkyAtmosphere.SampleCountMax:32.0]]
[2020.06.27-00.31.23:474][  0]LogConfig: Setting CVar [[r.SkyAtmosphere.TransmittanceLUT.UseSmallFormat:0]]
[2020.06.27-00.31.23:474][  0]LogConfig: Setting CVar [[r.SkyAtmosphere.TransmittanceLUT.SampleCount:10.0]]
[2020.06.27-00.31.23:475][  0]LogConfig: Setting CVar [[r.SkyAtmosphere.MultiScatteringLUT.SampleCount:15.0]]
[2020.06.27-00.31.23:475][  0]LogConfig: Applying CVar settings from Section [FoliageQuality@3] File [C:/Users/Mariano Martinez/Desktop/1v1Unreal/Unreal1v1/Saved/Config/Windows/Scalability.ini]
[2020.06.27-00.31.23:475][  0]LogConfig: Setting CVar [[foliage.DensityScale:1.0]]
[2020.06.27-00.31.23:475][  0]LogConfig: Setting CVar [[grass.DensityScale:1.0]]
[2020.06.27-00.31.23:475][  0]LogConfig: Applying CVar settings from Section [ShadingQuality@3] File [C:/Users/Mariano Martinez/Desktop/1v1Unreal/Unreal1v1/Saved/Config/Windows/Scalability.ini]
[2020.06.27-00.31.23:475][  0]LogConfig: Setting CVar [[r.HairStrands.SkyLighting.SampleCount:16]]
[2020.06.27-00.31.23:475][  0]LogConfig: Setting CVar [[r.HairStrands.SkyLighting.JitterIntegration:0]]
[2020.06.27-00.31.23:475][  0]LogConfig: Setting CVar [[r.HairStrands.SkyAO.SampleCount:16]]
[2020.06.27-00.31.23:475][  0]LogInit: Selected Device Profile: [Windows]
[2020.06.27-00.31.23:475][  0]LogInit: Applying CVar settings loaded from the selected device profile: [Windows]
[2020.06.27-00.31.23:479][  0]LogHAL: Display: Platform has ~ 16 GB [17045577728 / 17179869184 / 16], which maps to Larger [LargestMinGB=32, LargerMinGB=12, DefaultMinGB=8, SmallerMinGB=6, SmallestMinGB=0)
[2020.06.27-00.31.23:479][  0]LogInit: Going up to parent DeviceProfile []
[2020.06.27-00.31.23:479][  0]LogConfig: Applying CVar settings from Section [ViewDistanceQuality@3] File [C:/Users/Mariano Martinez/Desktop/1v1Unreal/Unreal1v1/Saved/Config/Windows/Scalability.ini]
[2020.06.27-00.31.23:479][  0]LogConfig: Setting CVar [[r.SkeletalMeshLODBias:0]]
[2020.06.27-00.31.23:479][  0]LogConfig: Setting CVar [[r.ViewDistanceScale:1.0]]
[2020.06.27-00.31.23:479][  0]LogConfig: Applying CVar settings from Section [AntiAliasingQuality@3] File [C:/Users/Mariano Martinez/Desktop/1v1Unreal/Unreal1v1/Saved/Config/Windows/Scalability.ini]
[2020.06.27-00.31.23:479][  0]LogConfig: Setting CVar [[r.PostProcessAAQuality:4]]
[2020.06.27-00.31.23:479][  0]LogConfig: Applying CVar settings from Section [ShadowQuality@3] File [C:/Users/Mariano Martinez/Desktop/1v1Unreal/Unreal1v1/Saved/Config/Windows/Scalability.ini]
[2020.06.27-00.31.23:480][  0]LogConfig: Setting CVar [[r.LightFunctionQuality:1]]
[2020.06.27-00.31.23:480][  0]LogConfig: Setting CVar [[r.ShadowQuality:5]]
[2020.06.27-00.31.23:480][  0]LogConfig: Setting CVar [[r.Shadow.CSM.MaxCascades:10]]
[2020.06.27-00.31.23:480][  0]LogConfig: Setting CVar [[r.Shadow.MaxResolution:2048]]
[2020.06.27-00.31.23:480][  0]LogConfig: Setting CVar [[r.Shadow.MaxCSMResolution:2048]]
[2020.06.27-00.31.23:480][  0]LogConfig: Setting CVar [[r.Shadow.RadiusThreshold:0.01]]
[2020.06.27-00.31.23:480][  0]LogConfig: Setting CVar [[r.Shadow.DistanceScale:1.0]]
[2020.06.27-00.31.23:480][  0]LogConfig: Setting CVar [[r.Shadow.CSM.TransitionScale:1.0]]
[2020.06.27-00.31.23:480][  0]LogConfig: Setting CVar [[r.Shadow.PreShadowResolutionFactor:1.0]]
[2020.06.27-00.31.23:480][  0]LogConfig: Setting CVar [[r.DistanceFieldShadowing:1]]
[2020.06.27-00.31.23:480][  0]LogConfig: Setting CVar [[r.DistanceFieldAO:1]]
[2020.06.27-00.31.23:480][  0]LogConfig: Setting CVar [[r.AOQuality:2]]
[2020.06.27-00.31.23:480][  0]LogConfig: Setting CVar [[r.VolumetricFog:1]]
[2020.06.27-00.31.23:480][  0]LogConfig: Setting CVar [[r.VolumetricFog.GridPixelSize:8]]
[2020.06.27-00.31.23:480][  0]LogConfig: Setting CVar [[r.VolumetricFog.GridSizeZ:128]]
[2020.06.27-00.31.23:480][  0]LogConfig: Setting CVar [[r.VolumetricFog.HistoryMissSupersampleCount:4]]
[2020.06.27-00.31.23:480][  0]LogConfig: Setting CVar [[r.LightMaxDrawDistanceScale:1]]
[2020.06.27-00.31.23:480][  0]LogConfig: Setting CVar [[r.CapsuleShadows:1]]
[2020.06.27-00.31.23:480][  0]LogConfig: Applying CVar settings from Section [PostProcessQuality@3] File [C:/Users/Mariano Martinez/Desktop/1v1Unreal/Unreal1v1/Saved/Config/Windows/Scalability.ini]
[2020.06.27-00.31.23:481][  0]LogConfig: Setting CVar [[r.MotionBlurQuality:4]]
[2020.06.27-00.31.23:481][  0]LogConfig: Setting CVar [[r.AmbientOcclusionMipLevelFactor:0.4]]
[2020.06.27-00.31.23:481][  0]LogConfig: Setting CVar [[r.AmbientOcclusionMaxQuality:100]]
[2020.06.27-00.31.23:481][  0]LogConfig: Setting CVar [[r.AmbientOcclusionLevels:-1]]
[2020.06.27-00.31.23:481][  0]LogConfig: Setting CVar [[r.AmbientOcclusionRadiusScale:1.0]]
[2020.06.27-00.31.23:481][  0]LogConfig: Setting CVar [[r.DepthOfFieldQuality:2]]
[2020.06.27-00.31.23:481][  0]LogConfig: Setting CVar [[r.RenderTargetPoolMin:400]]
[2020.06.27-00.31.23:481][  0]LogConfig: Setting CVar [[r.LensFlareQuality:2]]
[2020.06.27-00.31.23:481][  0]LogConfig: Setting CVar [[r.SceneColorFringeQuality:1]]
[2020.06.27-00.31.23:481][  0]LogConfig: Setting CVar [[r.EyeAdaptationQuality:2]]
[2020.06.27-00.31.23:481][  0]LogConfig: Setting CVar [[r.BloomQuality:5]]
[2020.06.27-00.31.23:481][  0]LogConfig: Setting CVar [[r.FastBlurThreshold:100]]
[2020.06.27-00.31.23:481][  0]LogConfig: Setting CVar [[r.Upscale.Quality:3]]
[2020.06.27-00.31.23:481][  0]LogConfig: Setting CVar [[r.Tonemapper.GrainQuantization:1]]
[2020.06.27-00.31.23:481][  0]LogConfig: Setting CVar [[r.LightShaftQuality:1]]
[2020.06.27-00.31.23:481][  0]LogConfig: Setting CVar [[r.Filter.SizeScale:1]]
[2020.06.27-00.31.23:481][  0]LogConfig: Setting CVar [[r.Tonemapper.Quality:5]]
[2020.06.27-00.31.23:481][  0]LogConfig: Setting CVar [[r.DOF.Gather.AccumulatorQuality:1        ; higher gathering accumulator quality]]
[2020.06.27-00.31.23:481][  0]LogConfig: Setting CVar [[r.DOF.Gather.PostfilterMethod:1          ; Median3x3 postfilering method]]
[2020.06.27-00.31.23:482][  0]LogConfig: Setting CVar [[r.DOF.Gather.EnableBokehSettings:0       ; no bokeh simulation when gathering]]
[2020.06.27-00.31.23:482][  0]LogConfig: Setting CVar [[r.DOF.Gather.RingCount:4                 ; medium number of samples when gathering]]
[2020.06.27-00.31.23:482][  0]LogConfig: Setting CVar [[r.DOF.Scatter.ForegroundCompositing:1    ; additive foreground scattering]]
[2020.06.27-00.31.23:482][  0]LogConfig: Setting CVar [[r.DOF.Scatter.BackgroundCompositing:2    ; additive background scattering]]
[2020.06.27-00.31.23:482][  0]LogConfig: Setting CVar [[r.DOF.Scatter.EnableBokehSettings:1      ; bokeh simulation when scattering]]
[2020.06.27-00.31.23:482][  0]LogConfig: Setting CVar [[r.DOF.Scatter.MaxSpriteRatio:0.1         ; only a maximum of 10% of scattered bokeh]]
[2020.06.27-00.31.23:482][  0]LogConfig: Setting CVar [[r.DOF.Recombine.Quality:1                ; cheap slight out of focus]]
[2020.06.27-00.31.23:482][  0]LogConfig: Setting CVar [[r.DOF.Recombine.EnableBokehSettings:0    ; no bokeh simulation on slight out of focus]]
[2020.06.27-00.31.23:482][  0]LogConfig: Setting CVar [[r.DOF.TemporalAAQuality:1                ; more stable temporal accumulation]]
[2020.06.27-00.31.23:482][  0]LogConfig: Setting CVar [[r.DOF.Kernel.MaxForegroundRadius:0.025]]
[2020.06.27-00.31.23:482][  0]LogConfig: Setting CVar [[r.DOF.Kernel.MaxBackgroundRadius:0.025]]
[2020.06.27-00.31.23:482][  0]LogConfig: Applying CVar settings from Section [TextureQuality@3] File [C:/Users/Mariano Martinez/Desktop/1v1Unreal/Unreal1v1/Saved/Config/Windows/Scalability.ini]
[2020.06.27-00.31.23:482][  0]LogConfig: Setting CVar [[r.Streaming.MipBias:0]]
[2020.06.27-00.31.23:482][  0]LogConfig: Setting CVar [[r.Streaming.AmortizeCPUToGPUCopy:0]]
[2020.06.27-00.31.23:482][  0]LogConfig: Setting CVar [[r.Streaming.MaxNumTexturesToStreamPerFrame:0]]
[2020.06.27-00.31.23:482][  0]LogConfig: Setting CVar [[r.Streaming.Boost:1]]
[2020.06.27-00.31.23:482][  0]LogConfig: Setting CVar [[r.MaxAnisotropy:8]]
[2020.06.27-00.31.23:482][  0]LogConfig: Setting CVar [[r.VT.MaxAnisotropy:8]]
[2020.06.27-00.31.23:482][  0]LogConfig: Setting CVar [[r.Streaming.LimitPoolSizeToVRAM:0]]
[2020.06.27-00.31.23:482][  0]LogConfig: Setting CVar [[r.Streaming.PoolSize:1000]]
[2020.06.27-00.31.23:483][  0]LogConfig: Setting CVar [[r.Streaming.MaxEffectiveScreenSize:0]]
[2020.06.27-00.31.23:483][  0]LogConfig: Applying CVar settings from Section [EffectsQuality@3] File [C:/Users/Mariano Martinez/Desktop/1v1Unreal/Unreal1v1/Saved/Config/Windows/Scalability.ini]
[2020.06.27-00.31.23:483][  0]LogConfig: Setting CVar [[r.TranslucencyLightingVolumeDim:64]]
[2020.06.27-00.31.23:483][  0]LogConfig: Setting CVar [[r.RefractionQuality:2]]
[2020.06.27-00.31.23:483][  0]LogConfig: Setting CVar [[r.SSR.Quality:3]]
[2020.06.27-00.31.23:483][  0]LogConfig: Setting CVar [[r.SSR.HalfResSceneColor:0]]
[2020.06.27-00.31.23:483][  0]LogConfig: Setting CVar [[r.SceneColorFormat:4]]
[2020.06.27-00.31.23:483][  0]LogConfig: Setting CVar [[r.DetailMode:2]]
[2020.06.27-00.31.23:483][  0]LogConfig: Setting CVar [[r.TranslucencyVolumeBlur:1]]
[2020.06.27-00.31.23:483][  0]LogConfig: Setting CVar [[r.MaterialQualityLevel:1 ; High quality]]
[2020.06.27-00.31.23:483][  0]LogConfig: Setting CVar [[r.SSS.Scale:1]]
[2020.06.27-00.31.23:483][  0]LogConfig: Setting CVar [[r.SSS.SampleSet:2]]
[2020.06.27-00.31.23:483][  0]LogConfig: Setting CVar [[r.SSS.Quality:1]]
[2020.06.27-00.31.23:483][  0]LogConfig: Setting CVar [[r.SSS.HalfRes:1]]
[2020.06.27-00.31.23:483][  0]LogConfig: Setting CVar [[r.SSGI.Quality:3]]
[2020.06.27-00.31.23:483][  0]LogConfig: Setting CVar [[r.EmitterSpawnRateScale:1.0]]
[2020.06.27-00.31.23:483][  0]LogConfig: Setting CVar [[r.ParticleLightQuality:2]]
[2020.06.27-00.31.23:483][  0]LogConfig: Setting CVar [[r.SkyAtmosphere.AerialPerspectiveLUT.FastApplyOnOpaque:1 ; Always have FastSkyLUT 1 in this case to avoid wrong sky]]
[2020.06.27-00.31.23:483][  0]LogConfig: Setting CVar [[r.SkyAtmosphere.AerialPerspectiveLUT.SampleCountPerSlice:1]]
[2020.06.27-00.31.23:484][  0]LogConfig: Setting CVar [[r.SkyAtmosphere.AerialPerspectiveLUT.DepthResolution:16.0]]
[2020.06.27-00.31.23:484][  0]LogConfig: Setting CVar [[r.SkyAtmosphere.FastSkyLUT:1]]
[2020.06.27-00.31.23:484][  0]LogConfig: Setting CVar [[r.SkyAtmosphere.FastSkyLUT.SampleCountMin:4.0]]
[2020.06.27-00.31.23:484][  0]LogConfig: Setting CVar [[r.SkyAtmosphere.FastSkyLUT.SampleCountMax:32.0]]
[2020.06.27-00.31.23:484][  0]LogConfig: Setting CVar [[r.SkyAtmosphere.SampleCountMin:4.0]]
[2020.06.27-00.31.23:484][  0]LogConfig: Setting CVar [[r.SkyAtmosphere.SampleCountMax:32.0]]
[2020.06.27-00.31.23:484][  0]LogConfig: Setting CVar [[r.SkyAtmosphere.TransmittanceLUT.UseSmallFormat:0]]
[2020.06.27-00.31.23:484][  0]LogConfig: Setting CVar [[r.SkyAtmosphere.TransmittanceLUT.SampleCount:10.0]]
[2020.06.27-00.31.23:484][  0]LogConfig: Setting CVar [[r.SkyAtmosphere.MultiScatteringLUT.SampleCount:15.0]]
[2020.06.27-00.31.23:484][  0]LogConfig: Applying CVar settings from Section [FoliageQuality@3] File [C:/Users/Mariano Martinez/Desktop/1v1Unreal/Unreal1v1/Saved/Config/Windows/Scalability.ini]
[2020.06.27-00.31.23:484][  0]LogConfig: Setting CVar [[foliage.DensityScale:1.0]]
[2020.06.27-00.31.23:484][  0]LogConfig: Setting CVar [[grass.DensityScale:1.0]]
[2020.06.27-00.31.23:484][  0]LogConfig: Applying CVar settings from Section [ShadingQuality@3] File [C:/Users/Mariano Martinez/Desktop/1v1Unreal/Unreal1v1/Saved/Config/Windows/Scalability.ini]
[2020.06.27-00.31.23:484][  0]LogConfig: Setting CVar [[r.HairStrands.SkyLighting.SampleCount:16]]
[2020.06.27-00.31.23:484][  0]LogConfig: Setting CVar [[r.HairStrands.SkyLighting.JitterIntegration:0]]
[2020.06.27-00.31.23:484][  0]LogConfig: Setting CVar [[r.HairStrands.SkyAO.SampleCount:16]]
[2020.06.27-00.31.23:484][  0]LogConfig: Applying CVar settings from Section [Startup] File [../../../Engine/Config/ConsoleVariables.ini]
[2020.06.27-00.31.23:485][  0]LogConfig: Setting CVar [[net.UseAdaptiveNetUpdateFrequency:0]]
[2020.06.27-00.31.23:485][  0]LogConfig: Setting CVar [[p.chaos.AllowCreatePhysxBodies:1]]
[2020.06.27-00.31.23:485][  0]LogConfig: Applying CVar settings from Section [ConsoleVariables] File [C:/Users/Mariano Martinez/Desktop/1v1Unreal/Unreal1v1/Saved/Config/Windows/Engine.ini]
[2020.06.27-00.31.23:485][  0]LogInit: Computer: DESKTOP-9BRIU5I
[2020.06.27-00.31.23:485][  0]LogInit: User: MarianoMartinez
[2020.06.27-00.31.23:485][  0]LogInit: CPU Page size=4096, Cores=4
[2020.06.27-00.31.23:485][  0]LogInit: High frequency timer resolution =10.000000 MHz
[2020.06.27-00.31.23:485][  0]LogMemory: Memory total: Physical=15.9GB (16GB approx)
[2020.06.27-00.31.23:485][  0]LogMemory: Platform Memory Stats for Windows
[2020.06.27-00.31.23:485][  0]LogMemory: Process Physical Memory: 105.39 MB used, 105.39 MB peak
[2020.06.27-00.31.23:485][  0]LogMemory: Process Virtual Memory: 100.50 MB used, 100.50 MB peak
[2020.06.27-00.31.23:485][  0]LogMemory: Physical Memory: 10353.24 MB used,  5902.69 MB free, 16255.93 MB total
[2020.06.27-00.31.23:486][  0]LogMemory: Virtual Memory: 5135.21 MB used,  134212592.00 MB free, 134217728.00 MB total
[2020.06.27-00.31.23:605][  0]LogWindows: WindowsPlatformFeatures enabled
[2020.06.27-00.31.23:975][  0]LogInit: Using OS detected language (en-US).
[2020.06.27-00.31.23:975][  0]LogInit: Using OS detected locale (en-US).
[2020.06.27-00.31.23:977][  0]LogTextLocalizationManager: No specific localization for 'en-US' exists, so the 'en' localization will be used.
[2020.06.27-00.31.24:221][  0]LogInit: Setting process to per monitor DPI aware
[2020.06.27-00.31.24:262][  0]LogSlate: New Slate User Created.  User Index 0, Is Virtual User: 0
[2020.06.27-00.31.24:262][  0]LogSlate: Slate User Registered.  User Index 0, Is Virtual User: 0
[2020.06.27-00.31.24:460][  0]LogD3D11RHI: D3D11 min allowed feature level: 11_0
[2020.06.27-00.31.24:460][  0]LogD3D11RHI: D3D11 max allowed feature level: 11_0
[2020.06.27-00.31.24:460][  0]LogD3D11RHI: D3D11 adapters:
[2020.06.27-00.31.24:699][  0]LogD3D11RHI:    0. 'NVIDIA GeForce GTX 1070' (Feature Level 11_0)
[2020.06.27-00.31.24:700][  0]LogD3D11RHI:       8088/0/8127 MB DedicatedVideo/DedicatedSystem/SharedSystem, Outputs:1, VendorId:0x10de
[2020.06.27-00.31.24:903][  0]LogD3D11RHI:    1. 'Microsoft Basic Render Driver' (Feature Level 11_0)
[2020.06.27-00.31.24:904][  0]LogD3D11RHI:       0/0/8127 MB DedicatedVideo/DedicatedSystem/SharedSystem, Outputs:0, VendorId:0x1414
[2020.06.27-00.31.24:904][  0]LogD3D11RHI: Chosen D3D11 Adapter: 0
[2020.06.27-00.31.24:922][  0]LogD3D11RHI: Creating new Direct3DDevice
[2020.06.27-00.31.24:923][  0]LogD3D11RHI:     GPU DeviceId: 0x1b81 (for the marketing name, search the web for "GPU Device Id")
[2020.06.27-00.31.24:923][  0]LogWindows: EnumDisplayDevices:
[2020.06.27-00.31.24:923][  0]LogWindows:    0. 'NVIDIA GeForce GTX 1070' (P:1 D:1)
[2020.06.27-00.31.24:924][  0]LogWindows:    1. 'NVIDIA GeForce GTX 1070' (P:0 D:0)
[2020.06.27-00.31.24:926][  0]LogWindows:    2. 'NVIDIA GeForce GTX 1070' (P:0 D:0)
[2020.06.27-00.31.24:926][  0]LogWindows:    3. 'NVIDIA GeForce GTX 1070' (P:0 D:0)
[2020.06.27-00.31.24:927][  0]LogWindows: DebugString: FoundDriverCount:4 
[2020.06.27-00.31.24:928][  0]LogD3D11RHI:     Adapter Name: NVIDIA GeForce GTX 1070
[2020.06.27-00.31.24:928][  0]LogD3D11RHI:   Driver Version: 451.48 (internal:27.21.14.5148, unified:451.48)
[2020.06.27-00.31.24:928][  0]LogD3D11RHI:      Driver Date: 6-21-2020
[2020.06.27-00.31.24:928][  0]LogRHI: Texture pool is 5661 MB (70% of 8088 MB)
[2020.06.27-00.31.25:001][  0]LogD3D11RHI: RHI has support for 64 bit atomics
[2020.06.27-00.31.25:001][  0]LogD3D11RHI: Async texture creation enabled
[2020.06.27-00.31.25:026][  0]LogD3D11RHI: GPU Timing Frequency: 1000.000000 (Debug: 2 1)
[2020.06.27-00.31.26:060][  0]LogTargetPlatformManager: Display: Loaded TargetPlatform 'AllDesktop'
[2020.06.27-00.31.26:095][  0]LogTargetPlatformManager: Display: Loaded TargetPlatform 'Android'
[2020.06.27-00.31.26:095][  0]LogTargetPlatformManager: Display: Loaded TargetPlatform 'Android_ASTC'
[2020.06.27-00.31.26:095][  0]LogTargetPlatformManager: Display: Loaded TargetPlatform 'Android_ATC'
[2020.06.27-00.31.26:095][  0]LogTargetPlatformManager: Display: Loaded TargetPlatform 'Android_DXT'
[2020.06.27-00.31.26:096][  0]LogTargetPlatformManager: Display: Loaded TargetPlatform 'Android_ETC1'
[2020.06.27-00.31.26:096][  0]LogTargetPlatformManager: Display: Loaded TargetPlatform 'Android_ETC1a'
[2020.06.27-00.31.26:096][  0]LogTargetPlatformManager: Display: Loaded TargetPlatform 'Android_ETC2'
[2020.06.27-00.31.26:096][  0]LogTargetPlatformManager: Display: Loaded TargetPlatform 'Android_PVRTC'
[2020.06.27-00.31.26:096][  0]LogTargetPlatformManager: Display: Loaded TargetPlatform 'AndroidClient'
[2020.06.27-00.31.26:096][  0]LogTargetPlatformManager: Display: Loaded TargetPlatform 'Android_ASTCClient'
[2020.06.27-00.31.26:096][  0]LogTargetPlatformManager: Display: Loaded TargetPlatform 'Android_ATCClient'
[2020.06.27-00.31.26:096][  0]LogTargetPlatformManager: Display: Loaded TargetPlatform 'Android_DXTClient'
[2020.06.27-00.31.26:096][  0]LogTargetPlatformManager: Display: Loaded TargetPlatform 'Android_ETC1Client'
[2020.06.27-00.31.26:096][  0]LogTargetPlatformManager: Display: Loaded TargetPlatform 'Android_ETC1aClient'
[2020.06.27-00.31.26:096][  0]LogTargetPlatformManager: Display: Loaded TargetPlatform 'Android_ETC2Client'
[2020.06.27-00.31.26:096][  0]LogTargetPlatformManager: Display: Loaded TargetPlatform 'Android_PVRTCClient'
[2020.06.27-00.31.26:096][  0]LogTargetPlatformManager: Display: Loaded TargetPlatform 'Android_Multi'
[2020.06.27-00.31.26:096][  0]LogTargetPlatformManager: Display: Loaded TargetPlatform 'Android_MultiClient'
[2020.06.27-00.31.26:127][  0]LogTargetPlatformManager: Display: Loaded TargetPlatform 'IOSClient'
[2020.06.27-00.31.26:127][  0]LogTargetPlatformManager: Display: Loaded TargetPlatform 'IOS'
[2020.06.27-00.31.26:138][  0]LogTargetPlatformManager: Display: Loaded TargetPlatform 'LinuxNoEditor'
[2020.06.27-00.31.26:149][  0]LogTargetPlatformManager: Display: Loaded TargetPlatform 'LinuxClient'
[2020.06.27-00.31.26:160][  0]LogTargetPlatformManager: Display: Loaded TargetPlatform 'LinuxServer'
[2020.06.27-00.31.26:172][  0]LogTargetPlatformManager: Display: Loaded TargetPlatform 'LinuxAArch64NoEditor'
[2020.06.27-00.31.26:183][  0]LogTargetPlatformManager: Display: Loaded TargetPlatform 'LinuxAArch64Client'
[2020.06.27-00.31.26:193][  0]LogTargetPlatformManager: Display: Loaded TargetPlatform 'LinuxAArch64Server'
[2020.06.27-00.31.26:227][  0]LogTargetPlatformManager: Display: Loaded TargetPlatform 'Lumin'
[2020.06.27-00.31.26:227][  0]LogTargetPlatformManager: Display: Loaded TargetPlatform 'LuminClient'
[2020.06.27-00.31.26:246][  0]LogTargetPlatformManager: Display: Loaded TargetPlatform 'TVOSClient'
[2020.06.27-00.31.26:246][  0]LogTargetPlatformManager: Display: Loaded TargetPlatform 'TVOS'
[2020.06.27-00.31.26:257][  0]LogTargetPlatformManager: Display: Loaded TargetPlatform 'WindowsNoEditor'
[2020.06.27-00.31.26:268][  0]LogTargetPlatformManager: Display: Loaded TargetPlatform 'Windows'
[2020.06.27-00.31.26:281][  0]LogTargetPlatformManager: Display: Loaded TargetPlatform 'WindowsClient'
[2020.06.27-00.31.26:292][  0]LogTargetPlatformManager: Display: Loaded TargetPlatform 'WindowsServer'
[2020.06.27-00.31.26:292][  0]LogTargetPlatformManager: Display: Building Assets For Windows
[2020.06.27-00.31.26:306][  0]LogAudioDebug: Display: Lib vorbis DLL was dynamically loaded.
[2020.06.27-00.31.26:436][  0]LogShaderCompilers: Guid format shader working directory is -11 characters bigger than the processId version (../../../../../../Users/Mariano Martinez/Desktop/1v1Unreal/Unreal1v1/Intermediate/Shaders/WorkingDirectory/8736/).
[2020.06.27-00.31.26:437][  0]LogShaderCompilers: Cleaned the shader compiler working directory 'C:/Users/Mariano Martinez/AppData/Local/Temp/UnrealShaderWorkingDir/1FBAD6724CE0E67FF7A2D594109D26C4/'.
[2020.06.27-00.31.26:437][  0]LogXGEController: Cannot use XGE Controller as Incredibuild is not installed on this machine.
[2020.06.27-00.31.26:438][  0]LogShaderCompilers: Cannot use XGE Shader Compiler as Incredibuild is not installed on this machine.
[2020.06.27-00.31.26:438][  0]LogShaderCompilers: Display: Using Local Shader Compiler.
[2020.06.27-00.31.27:353][  0]LogDerivedDataCache: Display: Max Cache Size: 512 MB
[2020.06.27-00.31.27:418][  0]LogDerivedDataCache: Loaded boot cache 0.06s 78MB C:/Users/Mariano Martinez/AppData/Local/UnrealEngine/4.24/DerivedDataCache/Boot.ddc.
[2020.06.27-00.31.27:418][  0]LogDerivedDataCache: Display: Loaded Boot cache: C:/Users/Mariano Martinez/AppData/Local/UnrealEngine/4.24/DerivedDataCache/Boot.ddc
[2020.06.27-00.31.27:418][  0]LogDerivedDataCache: FDerivedDataBackendGraph:  Pak pak cache file ../../../../../../Users/Mariano Martinez/Desktop/1v1Unreal/Unreal1v1/DerivedDataCache/DDC.ddp not found, will not use a pak cache.
[2020.06.27-00.31.27:418][  0]LogDerivedDataCache: Unable to find inner node Pak for hierarchical cache Hierarchy.
[2020.06.27-00.31.27:419][  0]LogDerivedDataCache: FDerivedDataBackendGraph:  CompressedPak pak cache file ../../../../../../Users/Mariano Martinez/Desktop/1v1Unreal/Unreal1v1/DerivedDataCache/Compressed.ddp not found, will not use a pak cache.
[2020.06.27-00.31.27:419][  0]LogDerivedDataCache: Unable to find inner node CompressedPak for hierarchical cache Hierarchy.
[2020.06.27-00.31.27:429][  0]LogDerivedDataCache: Display: Pak cache opened for reading ../../../Engine/DerivedDataCache/Compressed.ddp.
[2020.06.27-00.31.27:429][  0]LogDerivedDataCache: FDerivedDataBackendGraph:  EnterprisePak pak cache file ../../../Enterprise/DerivedDataCache/Compressed.ddp not found, will not use a pak cache.
[2020.06.27-00.31.27:429][  0]LogDerivedDataCache: Unable to find inner node EnterprisePak for hierarchical cache Hierarchy.
[2020.06.27-00.31.27:433][  0]LogDerivedDataCache: Using Local data cache path C:/Users/Mariano Martinez/AppData/Local/UnrealEngine/Common/DerivedDataCache: Writable
[2020.06.27-00.31.27:433][  0]LogDerivedDataCache: Shared data cache path not found in *engine.ini, will not use an Shared cache.
[2020.06.27-00.31.27:433][  0]LogDerivedDataCache: Unable to find inner node Shared for hierarchical cache Hierarchy.
[2020.06.27-00.31.27:468][  0]LogMaterial: Verifying Global Shaders for PCD3D_SM5
[2020.06.27-00.31.27:471][  0]LogSlate: Using FreeType 2.10.0
[2020.06.27-00.31.27:472][  0]LogSlate: SlateFontServices - WITH_FREETYPE: 1, WITH_HARFBUZZ: 1
[2020.06.27-00.31.27:535][  0]LogAssetRegistry: FAssetRegistry took 0.0053 seconds to start up
[2020.06.27-00.31.27:927][  0]LogInit: Selected Device Profile: [Windows]
[2020.06.27-00.31.28:115][  0]LogMeshReduction: Using QuadricMeshReduction for automatic static mesh reduction
[2020.06.27-00.31.28:115][  0]LogMeshReduction: Using SimplygonMeshReduction for automatic skeletal mesh reduction
[2020.06.27-00.31.28:115][  0]LogMeshReduction: Using ProxyLODMeshReduction for automatic mesh merging
[2020.06.27-00.31.28:115][  0]LogMeshReduction: No distributed automatic mesh merging module available
[2020.06.27-00.31.28:115][  0]LogMeshMerging: No distributed automatic mesh merging module available
[2020.06.27-00.31.28:140][  0]LogNetVersion: Unreal1v1 1.0.0, NetCL: 10570792, EngineNetVer: 13, GameNetVer: 0 (Checksum: 805867970)
[2020.06.27-00.31.29:284][  0]LogPackageLocalizationCache: Processed 9 localized package path(s) for 1 prioritized culture(s) in 0.037682 seconds
[2020.06.27-00.31.29:293][  0]LogUObjectArray: 46288 objects as part of root set at end of initial load.
[2020.06.27-00.31.29:294][  0]LogUObjectAllocator: 8062376 out of 0 bytes used by permanent object pool.
[2020.06.27-00.31.29:294][  0]LogUObjectArray: CloseDisregardForGC: 0/0 objects in disregard for GC pool
[2020.06.27-00.31.29:946][  0]LogTcpMessaging: Initializing TcpMessaging bridge
[2020.06.27-00.31.29:953][  0]LogUdpMessaging: Initializing bridge on interface 0.0.0.0:0 to multicast group 230.0.0.1:6666.
[2020.06.27-00.31.30:023][  0]LogTemp: Warning: Health created
[2020.06.27-00.31.30:075][  0]SourceControl: Source control is disabled
[2020.06.27-00.31.30:075][  0]SourceControl: Source control is disabled
[2020.06.27-00.31.30:105][  0]SourceControl: Source control is disabled
[2020.06.27-00.31.30:109][  0]SourceControl: Source control is disabled
[2020.06.27-00.31.30:112][  0]SourceControl: Source control is disabled
[2020.06.27-00.31.30:284][  0]LogAndroidPermission: UAndroidPermissionCallbackProxy::GetInstance
[2020.06.27-00.31.30:313][  0]LogAudioCaptureCore: Display: No Audio Capture implementations found. Audio input will be silent.
[2020.06.27-00.31.30:313][  0]LogAudioCaptureCore: Display: No Audio Capture implementations found. Audio input will be silent.
[2020.06.27-00.31.30:430][  0]LogOcInput: OculusInput pre-init called
[2020.06.27-00.31.30:441][  0]LogWindows: Failed to load 'OVRPlugin.dll' (GetLastError=126)
[2020.06.27-00.31.30:441][  0]LogWindows: File 'OVRPlugin.dll' does not exist
[2020.06.27-00.31.30:542][  0]LogEngine: Initializing Engine...
[2020.06.27-00.31.30:543][  0]LogStats: UGameplayTagsManager::InitializeManager -  0.000 s
[2020.06.27-00.31.30:925][  0]LogInit: Initializing FReadOnlyCVARCache
[2020.06.27-00.31.30:941][  0]LogAIModule: Creating AISystem for world Untitled
[2020.06.27-00.31.30:954][  0]LogAudioMixer: Display: Audio Mixer Platform Settings:
[2020.06.27-00.31.30:954][  0]LogAudioMixer: Display: 	Sample Rate:						  48000
[2020.06.27-00.31.30:954][  0]LogAudioMixer: Display: 	Callback Buffer Frame Size Requested: 1024
[2020.06.27-00.31.30:954][  0]LogAudioMixer: Display: 	Callback Buffer Frame Size To Use:	  1024
[2020.06.27-00.31.30:954][  0]LogAudioMixer: Display: 	Number of buffers to queue:			  2
[2020.06.27-00.31.30:955][  0]LogAudioMixer: Display: 	Max Channels (voices):				  32
[2020.06.27-00.31.30:955][  0]LogAudioMixer: Display: 	Number of Async Source Workers:		  0
[2020.06.27-00.31.30:955][  0]LogAudio: Display: AudioDevice MaxSources: 32
[2020.06.27-00.31.30:956][  0]LogAudio: Display: Using built-in audio occlusion.
[2020.06.27-00.31.30:956][  0]LogAudioMixer: Display: Initializing audio mixer.
[2020.06.27-00.31.30:978][  0]LogAudioMixer: Display: Audio Device Output Speaker Info:
[2020.06.27-00.31.30:978][  0]LogAudioMixer: Display: Name: Speakers (High Definition Audio Device)
[2020.06.27-00.31.30:978][  0]LogAudioMixer: Display: Is Default: Yes
[2020.06.27-00.31.30:979][  0]LogAudioMixer: Display: Sample Rate: 48000
[2020.06.27-00.31.30:979][  0]LogAudioMixer: Display: Channel Count Used: 2
[2020.06.27-00.31.30:979][  0]LogAudioMixer: Display: Device Channel Count: 2
[2020.06.27-00.31.30:979][  0]LogAudioMixer: Display: Channel Order:
[2020.06.27-00.31.30:979][  0]LogAudioMixer: Display: 0: FrontLeft
[2020.06.27-00.31.30:979][  0]LogAudioMixer: Display: 1: FrontRight
[2020.06.27-00.31.31:071][  0]LogAudioMixer: Display: Using Audio Device Speakers (High Definition Audio Device)
[2020.06.27-00.31.31:078][  0]LogInit: FAudioDevice initialized.
[2020.06.27-00.31.31:078][  0]LogNetVersion: Set ProjectVersion to 1.0.0.0. Version Checksum will be recalculated on next use.
[2020.06.27-00.31.31:379][  0]LogDerivedDataCache: Saved boot cache 0.30s 78MB C:/Users/Mariano Martinez/AppData/Local/UnrealEngine/4.24/DerivedDataCache/Boot.ddc.
[2020.06.27-00.31.31:380][  0]LogInit: Texture streaming: Enabled
[2020.06.27-00.31.31:463][  0]LogEngineSessionManager: EngineSessionManager initialized
[2020.06.27-00.31.31:463][  0]LogEditorSessionSummary: Verbose: Initializing EditorSessionSummaryWriter for editor session tracking
[2020.06.27-00.31.31:467][  0]LogEditorSessionSummary: EditorSessionSummaryWriter initialized
[2020.06.27-00.31.31:543][  0]LogInit: Transaction tracking system initialized
[2020.06.27-00.31.31:578][  0]BlueprintLog: New page: Editor Load
[2020.06.27-00.31.31:665][  0]LocalizationService: Localization service is disabled
[2020.06.27-00.31.32:048][  0]LogFileCache: Scanning file cache for directory 'C:/Users/Mariano Martinez/Desktop/1v1Unreal/Unreal1v1/Content/' took 0.01s
[2020.06.27-00.31.32:048][  0]LogCook: Display: Max memory allowance for cook 16384mb min free memory 0mb
[2020.06.27-00.31.32:049][  0]LogCook: Display: Mobile HDR setting 1
[2020.06.27-00.31.32:243][  0]SourceControl: Source control is disabled
[2020.06.27-00.31.32:243][  0]Cmd: MAP LOAD FILE="../../../../../../Users/Mariano Martinez/Desktop/1v1Unreal/Unreal1v1/Content/FirstPersonCPP/Maps/FirstPersonExampleMap.umap" TEMPLATE=0 SHOWPROGRESS=1 FEATURELEVEL=3
[2020.06.27-00.31.32:243][  0]LogEditorServer: Warning: Can't find file '../../../../../../Users/Mariano Martinez/Desktop/1v1Unreal/Unreal1v1/Content/FirstPersonCPP/Maps/FirstPersonExampleMap.umap'
[2020.06.27-00.31.32:243][  0]Cmd: MAP CHECKDEP NOCLEARLOG
[2020.06.27-00.31.32:244][  0]MapCheck: Map check complete: 0 Error(s), 0 Warning(s), took 0.188ms to complete.
[2020.06.27-00.31.32:244][  0]LogFileHelpers: Loading map 'FirstPersonExampleMap' took 0.001
[2020.06.27-00.31.32:459][  0]LogSlate: Updating window title bar state: overlay mode, drag disabled, window buttons hidden, title bar hidden
[2020.06.27-00.31.32:468][  0]LogSlate: Updating window title bar state: overlay mode, drag disabled, window buttons hidden, title bar hidden
[2020.06.27-00.31.32:476][  0]LogSlate: Updating window title bar state: overlay mode, drag disabled, window buttons hidden, title bar hidden
[2020.06.27-00.31.32:486][  0]LogSlate: Updating window title bar state: overlay mode, drag disabled, window buttons hidden, title bar hidden
[2020.06.27-00.31.32:495][  0]LogCollectionManager: Loaded 0 collections in 0.002758 seconds
[2020.06.27-00.31.32:512][  0]LogFileCache: Scanning file cache for directory 'C:/Users/Mariano Martinez/Desktop/1v1Unreal/Unreal1v1/Saved/Collections/' took 0.00s
[2020.06.27-00.31.32:512][  0]LogFileCache: Scanning file cache for directory 'C:/Users/Mariano Martinez/Desktop/1v1Unreal/Unreal1v1/Content/Developers/MarianoMartinez/Collections/' took 0.00s
[2020.06.27-00.31.32:512][  0]LogFileCache: Scanning file cache for directory 'C:/Users/Mariano Martinez/Desktop/1v1Unreal/Unreal1v1/Content/Collections/' took 0.00s
[2020.06.27-00.31.32:512][  0]LogContentBrowser: Native class hierarchy populated in 0.0111 seconds. Added 3026 classes and 712 folders.
[2020.06.27-00.31.32:516][  0]LogContentBrowser: Native class hierarchy updated for 'WidgetCarousel' in 0.0005 seconds. Added 0 classes and 0 folders.
[2020.06.27-00.31.32:594][  0]LogContentBrowser: Native class hierarchy updated for 'AddContentDialog' in 0.0005 seconds. Added 0 classes and 0 folders.
[2020.06.27-00.31.32:603][  0]LogContentBrowser: Native class hierarchy updated for 'SceneOutliner' in 0.0006 seconds. Added 2 classes and 3 folders.
[2020.06.27-00.31.32:693][  0]LogSlate: Took 0.000324 seconds to synchronously load lazily loaded font '../../../Engine/Content/Slate/Fonts/Roboto-Regular.ttf' (155K)
[2020.06.27-00.31.32:695][  0]LogSlate: Took 0.000192 seconds to synchronously load lazily loaded font '../../../Engine/Content/Slate/Fonts/Roboto-Bold.ttf' (160K)
[2020.06.27-00.31.32:700][  0]LogSlate: Took 0.000182 seconds to synchronously load lazily loaded font '../../../Engine/Content/Editor/Slate/Fonts/FontAwesome.ttf' (139K)
[2020.06.27-00.31.32:787][  0]LogRenderer: Reallocating scene render targets to support 1208x568 Format 10 NumSamples 1 (Frame:1).
[2020.06.27-00.31.33:048][  0]LogContentBrowser: Native class hierarchy updated for 'HierarchicalLODOutliner' in 0.0005 seconds. Added 0 classes and 0 folders.
[2020.06.27-00.31.33:048][  0]LogLoad: (Engine Initialization) Total time: 12.14 seconds
[2020.06.27-00.31.33:048][  0]LogLoad: (Engine Initialization) Total Blueprint compile time: 0.00 seconds
[2020.06.27-00.31.33:111][  0]LogContentStreaming: Texture pool size now 1000 MB
[2020.06.27-00.31.33:140][  0]LogSlate: Took 0.000233 seconds to synchronously load lazily loaded font '../../../Engine/Content/Slate/Fonts/Roboto-Light.ttf' (167K)
[2020.06.27-00.31.33:163][  1]LogAssetRegistry: Asset discovery search completed in 5.6318 seconds
[2020.06.27-00.31.33:167][  1]LogCollectionManager: Fixed up redirectors for 0 collections in 0.000021 seconds (updated 0 objects)
[2020.06.27-00.31.50:080][144]LogSlate: Took 0.000187 seconds to synchronously load lazily loaded font '../../../Engine/Content/Slate/Fonts/Roboto-Light.ttf' (167K)
[2020.06.27-00.31.50:403][144]LogTemp: Warning: Health created
[2020.06.27-00.31.50:413][144]LogTemp: Warning: Health created
[2020.06.27-00.31.50:424][144]LogTemp: Warning: Health created
[2020.06.27-00.31.50:897][144]LogAIModule: Creating AISystem for world FirstPersonExampleMap
[2020.06.27-00.31.50:908][144]LogAssetEditorSubsystem: Opening Asset editor for World /Game/Maps/FirstPersonExampleMap.FirstPersonExampleMap
[2020.06.27-00.31.50:944][144]LogUObjectHash: Compacting FUObjectHashTables data took   2.80ms
[2020.06.27-00.31.50:947][144]Cmd: MAP LOAD FILE="../../../../../../Users/Mariano Martinez/Desktop/1v1Unreal/Unreal1v1/Content/Maps/FirstPersonExampleMap.umap" TEMPLATE=0 SHOWPROGRESS=1 FEATURELEVEL=3
[2020.06.27-00.31.50:947][144]LightingResults: New page: Lighting Build
[2020.06.27-00.31.50:949][144]LogContentBrowser: Native class hierarchy updated for 'StatsViewer' in 0.0006 seconds. Added 5 classes and 0 folders.
[2020.06.27-00.31.50:950][144]LoadErrors: New page: Loading map: FirstPersonExampleMap.umap
[2020.06.27-00.31.50:950][144]LogWorld: UWorld::CleanupWorld for Untitled, bSessionEnded=true, bCleanupResources=true
[2020.06.27-00.31.50:950][144]LogSlate: InvalidateAllWidgets triggered.  All widgets were invalidated
[2020.06.27-00.31.50:950][144]MapCheck: New page: Map Check
[2020.06.27-00.31.50:950][144]LightingResults: New page: Lighting Build
[2020.06.27-00.31.50:971][144]LogUObjectHash: Compacting FUObjectHashTables data took   1.90ms
[2020.06.27-00.31.51:169][144]LogEditorServer: Finished looking for orphan Actors (0.000 secs)
[2020.06.27-00.31.51:199][144]LogUObjectHash: Compacting FUObjectHashTables data took   1.96ms
[2020.06.27-00.31.51:227][144]Cmd: MAP CHECKDEP NOCLEARLOG
[2020.06.27-00.31.51:228][144]MapCheck: Map check complete: 0 Error(s), 0 Warning(s), took 0.131ms to complete.
[2020.06.27-00.31.51:228][144]LogFileHelpers: Loading map 'FirstPersonExampleMap' took 0.282
[2020.06.27-00.31.58:613][974]Cmd: DELETE
[2020.06.27-00.31.58:624][974]Cmd: ACTOR DELETE
[2020.06.27-00.31.59:004][974]LogEditorActor: Deleted Actor: BP_SpawnPoint_C
[2020.06.27-00.31.59:050][974]LogUObjectHash: Compacting FUObjectHashTables data took   1.86ms
[2020.06.27-00.31.59:052][974]LogEditorActor: Deleted 1 Actors (0.121 secs)
[2020.06.27-00.32.06:388][819]LogUObjectHash: Compacting FUObjectHashTables data took   0.74ms
[2020.06.27-00.32.13:894][819]LogSlate: Window 'Delete Assets' being destroyed
[2020.06.27-00.32.14:328][819]LogUObjectGlobals: Force Deleting 1 Package(s):
	Asset Name: /Game/Blueprints/BP_SpawnPoint.BP_SpawnPoint
[2020.06.27-00.32.19:245][819]LogUObjectHash: Compacting FUObjectHashTables data took   2.22ms
[2020.06.27-00.32.19:272][819]LogUObjectHash: Compacting FUObjectHashTables data took   1.83ms
[2020.06.27-00.32.19:292][819]LogUObjectHash: Compacting FUObjectHashTables data took   0.76ms
[2020.06.27-00.32.19:293][819]LogFileManager: Warning: Error deleting file: ../../../../../../Users/Mariano Martinez/Desktop/1v1Unreal/Unreal1v1/Content/Blueprints/BP_SpawnPoint.uasset (Error Code 32)
[2020.06.27-00.32.24:905][451]LogSlate: WidgetSwitcher ('None') active index changed to -1
[2020.06.27-00.32.24:905][451]LogSlate: WidgetSwitcher ('None') active index changed to 1
[2020.06.27-00.32.24:963][451]LogSlate: Took 0.000241 seconds to synchronously load lazily loaded font '../../../Engine/Content/Slate/Fonts/Roboto-BoldCondensed.ttf' (158K)
[2020.06.27-00.32.31:982][264]LogAssetEditorSubsystem: Opening Asset editor for Blueprint /Game/Blueprints/BP_SpawnPoint.BP_SpawnPoint
[2020.06.27-00.32.32:238][264]LogContentBrowser: Native class hierarchy updated for 'BlueprintGraph' in 0.0013 seconds. Added 121 classes and 0 folders.
[2020.06.27-00.32.33:381][264]LogSlate: Window 'Add Blueprint Class' being destroyed
[2020.06.27-00.32.33:460][264]LogRenderer: Reallocating scene render targets to support 1208x900 Format 10 NumSamples 1 (Frame:1).
[2020.06.27-00.32.41:880][  8]LogSlate: Took 0.000246 seconds to synchronously load lazily loaded font '../../../Engine/Content/Slate/Fonts/Roboto-Italic.ttf' (157K)
[2020.06.27-00.32.50:885][787]LogSlate: Prevented a slow task dialog from being summoned while a context menu was open
[2020.06.27-00.33.01:747][781]BlueprintLog: New page: Compile BP_SpawnPoint
[2020.06.27-00.33.02:041][781]LogUObjectHash: Compacting FUObjectHashTables data took   4.03ms
[2020.06.27-00.33.03:070][862]Cmd: OBJ SAVEPACKAGE PACKAGE="/Game/Blueprints/BP_SpawnPoint" FILE="../../../../../../Users/Mariano Martinez/Desktop/1v1Unreal/Unreal1v1/Content/Blueprints/BP_SpawnPoint.uasset" SILENT=true
[2020.06.27-00.33.08:368][862]LogSlate: Window 'Message' being destroyed
[2020.06.27-00.33.08:374][862]Cmd: OBJ SAVEPACKAGE PACKAGE="/Game/Blueprints/BP_SpawnPoint" FILE="../../../../../../Users/Mariano Martinez/Desktop/1v1Unreal/Unreal1v1/Content/Blueprints/BP_SpawnPoint.uasset" SILENT=true
[2020.06.27-00.33.09:227][862]LogSlate: Window 'Message' being destroyed
[2020.06.27-00.33.09:235][862]Cmd: OBJ SAVEPACKAGE PACKAGE="/Game/Blueprints/BP_SpawnPoint" FILE="../../../../../../Users/Mariano Martinez/Desktop/1v1Unreal/Unreal1v1/Content/Blueprints/BP_SpawnPoint.uasset" SILENT=true
[2020.06.27-00.33.12:452][862]LogSlate: Window 'Message' being destroyed
[2020.06.27-00.33.12:469][862]EditorErrors: New page: Save Output
[2020.06.27-00.33.12:469][862]EditorErrors: Warning: Asset '../../../../../../Users/Mariano Martinez/Desktop/1v1Unreal/Unreal1v1/Content/Blueprints/BP_SpawnPoint.uasset' cannot be saved as it has only been partially loaded
[2020.06.27-00.33.12:469][862]EditorErrors: Warning: Asset '../../../../../../Users/Mariano Martinez/Desktop/1v1Unreal/Unreal1v1/Content/Blueprints/BP_SpawnPoint.uasset' cannot be saved as it has only been partially loaded
[2020.06.27-00.33.12:469][862]EditorErrors: Warning: Asset '../../../../../../Users/Mariano Martinez/Desktop/1v1Unreal/Unreal1v1/Content/Blueprints/BP_SpawnPoint.uasset' cannot be saved as it has only been partially loaded
[2020.06.27-00.33.18:129][333]LogSlate: Window 'Message Log' being destroyed
[2020.06.27-00.33.18:135][333]LogSlate: Window 'Message Log' being destroyed
[2020.06.27-00.33.19:576][458]BlueprintLog: New page: Compile BP_SpawnPoint
[2020.06.27-00.33.19:868][458]LogUObjectHash: Compacting FUObjectHashTables data took   3.80ms
[2020.06.27-00.33.22:969][724]Cmd: OBJ SAVEPACKAGE PACKAGE="/Game/Blueprints/BP_SpawnPoint" FILE="../../../../../../Users/Mariano Martinez/Desktop/1v1Unreal/Unreal1v1/Content/Blueprints/BP_SpawnPoint.uasset" SILENT=true
[2020.06.27-00.33.31:409][724]LogSlate: Window 'Message' being destroyed
[2020.06.27-00.33.31:415][724]Cmd: OBJ SAVEPACKAGE PACKAGE="/Game/Blueprints/BP_SpawnPoint" FILE="../../../../../../Users/Mariano Martinez/Desktop/1v1Unreal/Unreal1v1/Content/Blueprints/BP_SpawnPoint.uasset" SILENT=true
[2020.06.27-00.33.32:279][724]LogSlate: Window 'Message' being destroyed
[2020.06.27-00.33.32:285][724]Cmd: OBJ SAVEPACKAGE PACKAGE="/Game/Blueprints/BP_SpawnPoint" FILE="../../../../../../Users/Mariano Martinez/Desktop/1v1Unreal/Unreal1v1/Content/Blueprints/BP_SpawnPoint.uasset" SILENT=true
[2020.06.27-00.33.33:025][724]LogSlate: Window 'Message' being destroyed
[2020.06.27-00.33.33:031][724]Cmd: OBJ SAVEPACKAGE PACKAGE="/Game/Blueprints/BP_SpawnPoint" FILE="../../../../../../Users/Mariano Martinez/Desktop/1v1Unreal/Unreal1v1/Content/Blueprints/BP_SpawnPoint.uasset" SILENT=true
[2020.06.27-00.33.33:420][724]LogSlate: Window 'Message' being destroyed
[2020.06.27-00.33.33:426][724]Cmd: OBJ SAVEPACKAGE PACKAGE="/Game/Blueprints/BP_SpawnPoint" FILE="../../../../../../Users/Mariano Martinez/Desktop/1v1Unreal/Unreal1v1/Content/Blueprints/BP_SpawnPoint.uasset" SILENT=true
[2020.06.27-00.33.34:535][724]LogSlate: Window 'Message' being destroyed
[2020.06.27-00.33.34:551][724]EditorErrors: New page: Save Output
[2020.06.27-00.33.34:551][724]EditorErrors: Warning: Asset '../../../../../../Users/Mariano Martinez/Desktop/1v1Unreal/Unreal1v1/Content/Blueprints/BP_SpawnPoint.uasset' cannot be saved as it has only been partially loaded
[2020.06.27-00.33.34:551][724]EditorErrors: Warning: Asset '../../../../../../Users/Mariano Martinez/Desktop/1v1Unreal/Unreal1v1/Content/Blueprints/BP_SpawnPoint.uasset' cannot be saved as it has only been partially loaded
[2020.06.27-00.33.34:551][724]EditorErrors: Warning: Asset '../../../../../../Users/Mariano Martinez/Desktop/1v1Unreal/Unreal1v1/Content/Blueprints/BP_SpawnPoint.uasset' cannot be saved as it has only been partially loaded
[2020.06.27-00.33.34:551][724]EditorErrors: Warning: Asset '../../../../../../Users/Mariano Martinez/Desktop/1v1Unreal/Unreal1v1/Content/Blueprints/BP_SpawnPoint.uasset' cannot be saved as it has only been partially loaded
[2020.06.27-00.33.34:551][724]EditorErrors: Warning: Asset '../../../../../../Users/Mariano Martinez/Desktop/1v1Unreal/Unreal1v1/Content/Blueprints/BP_SpawnPoint.uasset' cannot be saved as it has only been partially loaded
[2020.06.27-00.33.45:263][495]LogSlate: Window 'Message Log' being destroyed
[2020.06.27-00.33.45:269][495]LogSlate: Window 'Message Log' being destroyed
[2020.06.27-00.33.46:777][628]LogSlate: Window 'BP_SpawnPoint' being destroyed
[2020.06.27-00.33.46:783][628]LogSlate: Window 'BP_SpawnPoint' being destroyed
[2020.06.27-00.33.46:801][628]LogWorld: UWorld::CleanupWorld for World_0, bSessionEnded=true, bCleanupResources=true
[2020.06.27-00.33.46:801][628]LogSlate: InvalidateAllWidgets triggered.  All widgets were invalidated
[2020.06.27-00.33.49:600][950]LogAssetEditorSubsystem: Opening Asset editor for Blueprint /Game/Blueprints/BP_SpawnPoint.BP_SpawnPoint
[2020.06.27-00.33.54:551][418]LogSlate: Window 'BP_SpawnPoint' being destroyed
[2020.06.27-00.33.54:557][418]LogSlate: Window 'BP_SpawnPoint' being destroyed
[2020.06.27-00.33.54:557][418]LogWorld: UWorld::CleanupWorld for World_1, bSessionEnded=true, bCleanupResources=true
[2020.06.27-00.33.54:557][418]LogSlate: InvalidateAllWidgets triggered.  All widgets were invalidated
[2020.06.27-00.34.08:060][949]LogTemp: Repeating last play command: Selected Viewport
[2020.06.27-00.34.08:078][949]LogBlueprintUserMessages: Early PlayInEditor Detection: Level '/Game/Maps/FirstPersonExampleMap.FirstPersonExampleMap:PersistentLevel' has LevelScriptBlueprint '/Game/Maps/FirstPersonExampleMap.FirstPersonExampleMap:PersistentLevel.FirstPersonExampleMap' with GeneratedClass '/Game/Maps/FirstPersonExampleMap.FirstPersonExampleMap_C' with ClassGeneratedBy '/Game/Maps/FirstPersonExampleMap.FirstPersonExampleMap:PersistentLevel.FirstPersonExampleMap'
[2020.06.27-00.34.08:079][949]LogPlayLevel: PlayLevel: No blueprints needed recompiling
[2020.06.27-00.34.08:079][949]PIE: New page: PIE session: FirstPersonExampleMap (Jun 26, 2020, 6:34:08 PM)
[2020.06.27-00.34.08:081][949]LogOnline: OSS: Creating online subsystem instance for: NULL
[2020.06.27-00.34.08:084][949]LogOnline: OSS: TryLoadSubsystemAndSetDefault: Loaded subsystem for module [NULL]
[2020.06.27-00.34.08:084][949]LogPlayLevel: Creating play world package: /Game/Maps/UEDPIE_0_FirstPersonExampleMap
[2020.06.27-00.34.08:100][949]LogPlayLevel: PIE: StaticDuplicateObject took: (0.015870s)
[2020.06.27-00.34.08:102][949]LogAIModule: Creating AISystem for world FirstPersonExampleMap
[2020.06.27-00.34.08:102][949]LogPlayLevel: PIE: World Init took: (0.001565s)
[2020.06.27-00.34.08:102][949]LogPlayLevel: PIE: Created PIE world by copying editor world from /Game/Maps/FirstPersonExampleMap.FirstPersonExampleMap to /Game/Maps/UEDPIE_0_FirstPersonExampleMap.FirstPersonExampleMap (0.018069s)
[2020.06.27-00.34.08:138][949]LogUObjectHash: Compacting FUObjectHashTables data took   3.99ms
[2020.06.27-00.34.08:142][949]LogAudioMixer: Display: Audio Mixer Platform Settings:
[2020.06.27-00.34.08:142][949]LogAudioMixer: Display: 	Sample Rate:						  48000
[2020.06.27-00.34.08:142][949]LogAudioMixer: Display: 	Callback Buffer Frame Size Requested: 1024
[2020.06.27-00.34.08:142][949]LogAudioMixer: Display: 	Callback Buffer Frame Size To Use:	  1024
[2020.06.27-00.34.08:142][949]LogAudioMixer: Display: 	Number of buffers to queue:			  2
[2020.06.27-00.34.08:143][949]LogAudioMixer: Display: 	Max Channels (voices):				  32
[2020.06.27-00.34.08:143][949]LogAudioMixer: Display: 	Number of Async Source Workers:		  0
[2020.06.27-00.34.08:143][949]LogAudio: Display: AudioDevice MaxSources: 32
[2020.06.27-00.34.08:143][949]LogAudio: Display: Using built-in audio occlusion.
[2020.06.27-00.34.08:143][949]LogAudioMixer: Display: Initializing audio mixer.
[2020.06.27-00.34.08:157][949]LogAudioMixer: Display: Audio Device Output Speaker Info:
[2020.06.27-00.34.08:157][949]LogAudioMixer: Display: Name: Speakers (High Definition Audio Device)
[2020.06.27-00.34.08:157][949]LogAudioMixer: Display: Is Default: Yes
[2020.06.27-00.34.08:157][949]LogAudioMixer: Display: Sample Rate: 48000
[2020.06.27-00.34.08:157][949]LogAudioMixer: Display: Channel Count Used: 2
[2020.06.27-00.34.08:157][949]LogAudioMixer: Display: Device Channel Count: 2
[2020.06.27-00.34.08:157][949]LogAudioMixer: Display: Channel Order:
[2020.06.27-00.34.08:157][949]LogAudioMixer: Display: 0: FrontLeft
[2020.06.27-00.34.08:157][949]LogAudioMixer: Display: 1: FrontRight
[2020.06.27-00.34.08:177][949]LogAudioMixer: Display: Using Audio Device Speakers (High Definition Audio Device)
[2020.06.27-00.34.08:180][949]LogInit: FAudioDevice initialized.
[2020.06.27-00.34.08:194][949]LogLoad: Game class is 'BP_GameModeF_C'
[2020.06.27-00.34.08:199][949]LogWorld: Bringing World /Game/Maps/UEDPIE_0_FirstPersonExampleMap.FirstPersonExampleMap up for play (max tick rate 0) at 2020.06.26-21.34.08
[2020.06.27-00.34.08:200][949]LogWorld: Bringing up level for play took: 0.005283
[2020.06.27-00.34.08:200][949]LogOnline: OSS: Creating online subsystem instance for: :Context_3
[2020.06.27-00.34.08:205][949]LogContentBrowser: Native class hierarchy updated for 'MovieSceneCapture' in 0.0005 seconds. Added 20 classes and 0 folders.
[2020.06.27-00.34.08:205][949]LogGameMode: Display: Match State Changed from EnteringMap to WaitingToStart
[2020.06.27-00.34.08:206][949]LogGameState: Match State Changed from EnteringMap to WaitingToStart
[2020.06.27-00.34.08:206][949]LogGameMode: Display: Match State Changed from WaitingToStart to InProgress
[2020.06.27-00.34.08:206][949]LogTemp: Warning: Health created
[2020.06.27-00.34.08:208][949]LogGameState: Match State Changed from WaitingToStart to InProgress
[2020.06.27-00.34.08:208][949]PIE: Play in editor start time for /Game/Maps/UEDPIE_0_FirstPersonExampleMap 1.007
[2020.06.27-00.34.08:209][949]LogBlueprintUserMessages: Late PlayInEditor Detection: Level '/Game/Maps/FirstPersonExampleMap.FirstPersonExampleMap:PersistentLevel' has LevelScriptBlueprint '/Game/Maps/FirstPersonExampleMap.FirstPersonExampleMap:PersistentLevel.FirstPersonExampleMap' with GeneratedClass '/Game/Maps/FirstPersonExampleMap.FirstPersonExampleMap_C' with ClassGeneratedBy '/Game/Maps/FirstPersonExampleMap.FirstPersonExampleMap:PersistentLevel.FirstPersonExampleMap'
[2020.06.27-00.34.10:360][142]LogTemp: Warning:  OnDamageVolumeOverlapped - Other Actor Name: BP_FPSCharacter_C_0
[2020.06.27-00.34.10:368][143]LogTemp: Warning: OnDamageVolumeOverlapeedEnd - Other Actor Name: BP_FPSCharacter_C_0
[2020.06.27-00.34.10:369][143]LogTemp: Warning:  OnDamageVolumeOverlapped - Other Actor Name: BP_FPSCharacter_C_0
[2020.06.27-00.34.10:479][155]LogTemp: Warning: Health : 88
[2020.06.27-00.34.10:479][155]LogTemp: Warning:  OnDamageVolumeOverlapped - Other Actor Name: BP_FPSProjectile_C_2
[2020.06.27-00.34.10:582][167]LogTemp: Warning: Health : 76
[2020.06.27-00.34.10:582][167]LogTemp: Warning:  OnDamageVolumeOverlapped - Other Actor Name: BP_FPSProjectile_C_3
[2020.06.27-00.34.10:685][179]LogTemp: Warning: Health : 64
[2020.06.27-00.34.10:685][179]LogTemp: Warning:  OnDamageVolumeOverlapped - Other Actor Name: BP_FPSProjectile_C_4
[2020.06.27-00.34.10:792][192]LogTemp: Warning: Health : 52
[2020.06.27-00.34.10:792][192]LogTemp: Warning:  OnDamageVolumeOverlapped - Other Actor Name: BP_FPSProjectile_C_5
[2020.06.27-00.34.10:893][204]LogTemp: Warning: Health : 40
[2020.06.27-00.34.10:893][204]LogTemp: Warning:  OnDamageVolumeOverlapped - Other Actor Name: BP_FPSProjectile_C_6
[2020.06.27-00.34.10:992][216]LogTemp: Warning: Health : 28
[2020.06.27-00.34.10:992][216]LogTemp: Warning:  OnDamageVolumeOverlapped - Other Actor Name: BP_FPSProjectile_C_7
[2020.06.27-00.34.11:092][228]LogTemp: Warning: Health : 16
[2020.06.27-00.34.11:093][228]LogTemp: Warning:  OnDamageVolumeOverlapped - Other Actor Name: BP_FPSProjectile_C_8
[2020.06.27-00.34.11:192][240]LogTemp: Warning: Health : 4
[2020.06.27-00.34.11:193][240]LogTemp: Warning:  OnDamageVolumeOverlapped - Other Actor Name: BP_FPSProjectile_C_9
[2020.06.27-00.34.11:209][242]LogTemp: Warning: OnDamageVolumeOverlapeedEnd - Other Actor Name: BP_FPSCharacter_C_0
[2020.06.27-00.34.11:209][242]LogTemp: Warning:  OnDamageVolumeOverlapped - Other Actor Name: BP_FPSCharacter_C_0
[2020.06.27-00.34.11:217][243]LogTemp: Warning: OnDamageVolumeOverlapeedEnd - Other Actor Name: BP_FPSCharacter_C_0
[2020.06.27-00.34.11:217][243]LogTemp: Warning:  OnDamageVolumeOverlapped - Other Actor Name: BP_FPSCharacter_C_0
[2020.06.27-00.34.11:226][244]LogTemp: Warning: OnDamageVolumeOverlapeedEnd - Other Actor Name: BP_FPSCharacter_C_0
[2020.06.27-00.34.11:226][244]LogTemp: Warning:  OnDamageVolumeOverlapped - Other Actor Name: BP_FPSCharacter_C_0
[2020.06.27-00.34.11:234][245]LogTemp: Warning: OnDamageVolumeOverlapeedEnd - Other Actor Name: BP_FPSCharacter_C_0
[2020.06.27-00.34.11:234][245]LogTemp: Warning:  OnDamageVolumeOverlapped - Other Actor Name: BP_FPSCharacter_C_0
[2020.06.27-00.34.11:242][246]LogTemp: Warning: OnDamageVolumeOverlapeedEnd - Other Actor Name: BP_FPSCharacter_C_0
[2020.06.27-00.34.11:242][246]LogTemp: Warning:  OnDamageVolumeOverlapped - Other Actor Name: BP_FPSCharacter_C_0
[2020.06.27-00.34.11:251][247]LogTemp: Warning: OnDamageVolumeOverlapeedEnd - Other Actor Name: BP_FPSCharacter_C_0
[2020.06.27-00.34.11:251][247]LogTemp: Warning:  OnDamageVolumeOverlapped - Other Actor Name: BP_FPSCharacter_C_0
[2020.06.27-00.34.11:260][248]LogTemp: Warning: OnDamageVolumeOverlapeedEnd - Other Actor Name: BP_FPSCharacter_C_0
[2020.06.27-00.34.11:295][252]LogTemp: Warning: Health : 0
[2020.06.27-00.34.11:295][252]LogTemp: Warning:  OnDamageVolumeOverlapped - Other Actor Name: BP_FPSProjectile_C_10
[2020.06.27-00.34.11:839][316]LogTemp: Warning: Health : 88
[2020.06.27-00.34.11:839][316]LogTemp: Warning:  OnDamageVolumeOverlapped - Other Actor Name: BP_FPSProjectile_C_14
[2020.06.27-00.34.11:941][328]LogTemp: Warning: Health : 76
[2020.06.27-00.34.11:941][328]LogTemp: Warning:  OnDamageVolumeOverlapped - Other Actor Name: BP_FPSProjectile_C_15
[2020.06.27-00.34.12:032][339]LogTemp: Warning: Health : 64
[2020.06.27-00.34.12:033][339]LogTemp: Warning:  OnDamageVolumeOverlapped - Other Actor Name: BP_FPSProjectile_C_16
[2020.06.27-00.34.12:127][350]LogTemp: Warning: Health : 52
[2020.06.27-00.34.12:127][350]LogTemp: Warning:  OnDamageVolumeOverlapped - Other Actor Name: BP_FPSProjectile_C_17
[2020.06.27-00.34.12:219][361]LogTemp: Warning: Health : 40
[2020.06.27-00.34.12:219][361]LogTemp: Warning:  OnDamageVolumeOverlapped - Other Actor Name: BP_FPSProjectile_C_18
[2020.06.27-00.34.12:311][372]LogTemp: Warning: Health : 28
[2020.06.27-00.34.12:311][372]LogTemp: Warning:  OnDamageVolumeOverlapped - Other Actor Name: BP_FPSProjectile_C_19
[2020.06.27-00.34.12:394][382]LogTemp: Warning: Health : 16
[2020.06.27-00.34.12:395][382]LogTemp: Warning:  OnDamageVolumeOverlapped - Other Actor Name: BP_FPSProjectile_C_20
[2020.06.27-00.34.12:487][393]LogTemp: Warning: Health : 4
[2020.06.27-00.34.12:487][393]LogTemp: Warning:  OnDamageVolumeOverlapped - Other Actor Name: BP_FPSProjectile_C_21
[2020.06.27-00.34.12:579][404]LogTemp: Warning: Health : 0
[2020.06.27-00.34.12:579][404]LogTemp: Warning:  OnDamageVolumeOverlapped - Other Actor Name: BP_FPSProjectile_C_22
[2020.06.27-00.34.12:751][424]LogTemp: Warning: Health : 88
[2020.06.27-00.34.12:751][424]LogTemp: Warning:  OnDamageVolumeOverlapped - Other Actor Name: BP_FPSProjectile_C_23
[2020.06.27-00.34.12:844][435]LogTemp: Warning: Health : 76
[2020.06.27-00.34.12:844][435]LogTemp: Warning:  OnDamageVolumeOverlapped - Other Actor Name: BP_FPSProjectile_C_24
[2020.06.27-00.34.12:927][445]LogTemp: Warning: Health : 88
[2020.06.27-00.34.12:927][445]LogTemp: Warning:  OnDamageVolumeOverlapped - Other Actor Name: BP_FPSProjectile_C_25
[2020.06.27-00.34.13:019][456]LogTemp: Warning: Health : 76
[2020.06.27-00.34.13:019][456]LogTemp: Warning:  OnDamageVolumeOverlapped - Other Actor Name: BP_FPSProjectile_C_26
[2020.06.27-00.34.13:096][465]LogActor: Warning: Enemy /Game/Maps/UEDPIE_0_FirstPersonExampleMap.FirstPersonExampleMap:PersistentLevel.Enemy_0 has natively added scene component(s), but none of them were set as the actor's RootComponent - picking one arbitrarily
[2020.06.27-00.34.13:289][488]LogTemp: Warning: Health : 64
[2020.06.27-00.34.13:289][488]LogTemp: Warning:  OnDamageVolumeOverlapped - Other Actor Name: BP_FPSProjectile_C_29
[2020.06.27-00.34.13:383][498]LogTemp: Warning: Health : 52
[2020.06.27-00.34.13:384][498]LogTemp: Warning:  OnDamageVolumeOverlapped - Other Actor Name: BP_FPSProjectile_C_30
[2020.06.27-00.34.13:475][509]LogTemp: Warning: Health : 64
[2020.06.27-00.34.13:476][509]LogTemp: Warning:  OnDamageVolumeOverlapped - Other Actor Name: BP_FPSProjectile_C_31
[2020.06.27-00.34.13:569][520]LogTemp: Warning: Health : 52
[2020.06.27-00.34.13:570][520]LogTemp: Warning:  OnDamageVolumeOverlapped - Other Actor Name: BP_FPSProjectile_C_32
[2020.06.27-00.34.13:636][528]LogTemp: Warning:  OnDamageVolumeOverlapped - Other Actor Name: BP_EnemyV3_2
[2020.06.27-00.34.13:636][528]LogTemp: Warning: OnDamageVolumeOverlapeedEnd - Other Actor Name: BP_EnemyV3_2
[2020.06.27-00.34.13:644][529]LogTemp: Warning:  OnDamageVolumeOverlapped - Other Actor Name: BP_EnemyV3_2
[2020.06.27-00.34.13:644][529]LogTemp: Warning: OnDamageVolumeOverlapeedEnd - Other Actor Name: BP_EnemyV3_2
[2020.06.27-00.34.13:653][530]LogTemp: Warning:  OnDamageVolumeOverlapped - Other Actor Name: BP_EnemyV3_2
[2020.06.27-00.34.13:653][530]LogTemp: Warning: OnDamageVolumeOverlapeedEnd - Other Actor Name: BP_EnemyV3_2
[2020.06.27-00.34.13:661][531]LogTemp: Warning:  OnDamageVolumeOverlapped - Other Actor Name: BP_EnemyV3_2
[2020.06.27-00.34.13:662][531]LogTemp: Warning: Health : 40
[2020.06.27-00.34.13:662][531]LogTemp: Warning:  OnDamageVolumeOverlapped - Other Actor Name: BP_FPSProjectile_C_33
[2020.06.27-00.34.13:745][541]LogTemp: Warning: Health : 28
[2020.06.27-00.34.13:745][541]LogTemp: Warning:  OnDamageVolumeOverlapped - Other Actor Name: BP_FPSProjectile_C_34
[2020.06.27-00.34.13:808][548]LogTemp: Warning:  OnDamageVolumeOverlapped - Other Actor Name: BP_FPSCharacter_C_0
[2020.06.27-00.34.13:843][552]LogTemp: Warning: Health : 16
[2020.06.27-00.34.13:844][552]LogTemp: Warning:  OnDamageVolumeOverlapped - Other Actor Name: BP_FPSProjectile_C_35
[2020.06.27-00.34.13:909][560]LogTemp: Warning:  OnDamageVolumeOverlapped - Other Actor Name: BP_FPSCharacter_C_0
[2020.06.27-00.34.13:935][563]LogTemp: Warning: Health : 4
[2020.06.27-00.34.13:935][563]LogTemp: Warning:  OnDamageVolumeOverlapped - Other Actor Name: BP_FPSProjectile_C_36
[2020.06.27-00.34.14:036][575]LogTemp: Warning: OnDamageVolumeOverlapeedEnd - Other Actor Name: BP_EnemyV3_2
[2020.06.27-00.34.14:036][575]LogTemp: Warning: Health : 0
[2020.06.27-00.34.14:036][575]LogTemp: Warning:  OnDamageVolumeOverlapped - Other Actor Name: BP_FPSProjectile_C_37
[2020.06.27-00.34.14:137][587]LogTemp: Warning: Health : 40
[2020.06.27-00.34.14:137][587]LogTemp: Warning:  OnDamageVolumeOverlapped - Other Actor Name: BP_FPSProjectile_C_38
[2020.06.27-00.34.14:237][599]LogTemp: Warning: Health : 28
[2020.06.27-00.34.14:237][599]LogTemp: Warning:  OnDamageVolumeOverlapped - Other Actor Name: BP_FPSProjectile_C_39
[2020.06.27-00.34.14:338][611]LogTemp: Warning: Health : 16
[2020.06.27-00.34.14:338][611]LogTemp: Warning:  OnDamageVolumeOverlapped - Other Actor Name: BP_FPSProjectile_C_40
[2020.06.27-00.34.14:440][623]LogTemp: Warning: Health : 4
[2020.06.27-00.34.14:441][623]LogTemp: Warning:  OnDamageVolumeOverlapped - Other Actor Name: BP_FPSProjectile_C_41
[2020.06.27-00.34.14:548][636]LogTemp: Warning: Health : 0
[2020.06.27-00.34.14:549][636]LogTemp: Warning:  OnDamageVolumeOverlapped - Other Actor Name: BP_FPSProjectile_C_42
[2020.06.27-00.34.18:104][ 44]LogActor: Warning: Enemy /Game/Maps/UEDPIE_0_FirstPersonExampleMap.FirstPersonExampleMap:PersistentLevel.Enemy_1 has natively added scene component(s), but none of them were set as the actor's RootComponent - picking one arbitrarily
[2020.06.27-00.34.23:106][644]LogActor: Warning: Enemy /Game/Maps/UEDPIE_0_FirstPersonExampleMap.FirstPersonExampleMap:PersistentLevel.Enemy_2 has natively added scene component(s), but none of them were set as the actor's RootComponent - picking one arbitrarily
[2020.06.27-00.34.28:217][825]LogActor: Warning: Enemy /Game/Maps/UEDPIE_0_FirstPersonExampleMap.FirstPersonExampleMap:PersistentLevel.Enemy_3 has natively added scene component(s), but none of them were set as the actor's RootComponent - picking one arbitrarily
[2020.06.27-00.34.33:862][290]LogActor: Warning: Enemy /Game/Maps/UEDPIE_0_FirstPersonExampleMap.FirstPersonExampleMap:PersistentLevel.Enemy_4 has natively added scene component(s), but none of them were set as the actor's RootComponent - picking one arbitrarily
[2020.06.27-00.34.39:263][901]LogActor: Warning: Enemy /Game/Maps/UEDPIE_0_FirstPersonExampleMap.FirstPersonExampleMap:PersistentLevel.Enemy_5 has natively added scene component(s), but none of them were set as the actor's RootComponent - picking one arbitrarily
[2020.06.27-00.34.44:733][527]LogActor: Warning: Enemy /Game/Maps/UEDPIE_0_FirstPersonExampleMap.FirstPersonExampleMap:PersistentLevel.Enemy_6 has natively added scene component(s), but none of them were set as the actor's RootComponent - picking one arbitrarily
[2020.06.27-00.34.49:859][102]LogActor: Warning: Enemy /Game/Maps/UEDPIE_0_FirstPersonExampleMap.FirstPersonExampleMap:PersistentLevel.Enemy_7 has natively added scene component(s), but none of them were set as the actor's RootComponent - picking one arbitrarily
[2020.06.27-00.34.54:361][598]Cmd: CAMERA ALIGN ACTIVEVIEWPORTONLY
[2020.06.27-00.34.56:112][780]LogAudioMixer: Display: No commands were queued while flushing the source manager.
[2020.06.27-00.34.56:112][780]LogAudioMixer: Display: No commands were queued while flushing the source manager.
[2020.06.27-00.34.56:113][780]LogBlueprintUserMessages: Early EndPlayMap Detection: Level '/Game/Maps/FirstPersonExampleMap.FirstPersonExampleMap:PersistentLevel' has LevelScriptBlueprint '/Game/Maps/FirstPersonExampleMap.FirstPersonExampleMap:PersistentLevel.FirstPersonExampleMap' with GeneratedClass '/Game/Maps/FirstPersonExampleMap.FirstPersonExampleMap_C' with ClassGeneratedBy '/Game/Maps/FirstPersonExampleMap.FirstPersonExampleMap:PersistentLevel.FirstPersonExampleMap'
[2020.06.27-00.34.56:114][780]LogSlate: Updating window title bar state: overlay mode, drag disabled, window buttons hidden, title bar hidden
[2020.06.27-00.34.56:114][780]LogWorld: BeginTearingDown for /Game/Maps/UEDPIE_0_FirstPersonExampleMap
[2020.06.27-00.34.56:114][780]LogAudioMixer: Display: No commands were queued while flushing the source manager.
[2020.06.27-00.34.56:114][780]LogWorld: UWorld::CleanupWorld for FirstPersonExampleMap, bSessionEnded=true, bCleanupResources=true
[2020.06.27-00.34.56:115][780]LogSlate: InvalidateAllWidgets triggered.  All widgets were invalidated
[2020.06.27-00.34.56:127][780]LogPlayLevel: Display: Shutting down PIE online subsystems
[2020.06.27-00.34.56:127][780]LogBlueprintUserMessages: Late EndPlayMap Detection: Level '/Game/Maps/FirstPersonExampleMap.FirstPersonExampleMap:PersistentLevel' has LevelScriptBlueprint '/Game/Maps/FirstPersonExampleMap.FirstPersonExampleMap:PersistentLevel.FirstPersonExampleMap' with GeneratedClass '/Game/Maps/FirstPersonExampleMap.FirstPersonExampleMap_C' with ClassGeneratedBy '/Game/Maps/FirstPersonExampleMap.FirstPersonExampleMap:PersistentLevel.FirstPersonExampleMap'
[2020.06.27-00.34.56:135][780]LogSlate: InvalidateAllWidgets triggered.  All widgets were invalidated
[2020.06.27-00.34.56:169][780]LogAudioMixer: Display: No commands were queued while flushing the source manager.
[2020.06.27-00.34.56:176][780]LogSlate: Updating window title bar state: overlay mode, drag disabled, window buttons hidden, title bar hidden
[2020.06.27-00.34.56:247][780]LogUObjectHash: Compacting FUObjectHashTables data took   4.69ms
[2020.06.27-00.34.56:270][781]LogPlayLevel: Display: Destroying online subsystem :Context_3
